<?xml version="1.0" encoding="UTF-8"?>
<testsuite xmlns:xsi="http://www.w3.org/2001/XMLSchema-instance" xsi:noNamespaceSchemaLocation="https://maven.apache.org/surefire/maven-surefire-plugin/xsd/surefire-test-report.xsd" version="3.0.2" name="scripting.ScriptEvaluationTest" time="24.314" tests="1821" errors="0" skipped="0" failures="0">
  <properties>
[...]
</properties>
  <testcase name="reactorScriptShouldEvaluate(String)[1]" classname="scripting.ScriptEvaluationTest" time="1.962"/>
  <testcase name="reactorScriptShouldEvaluate(String)[2]" classname="scripting.ScriptEvaluationTest" time="0.031"/>
  <testcase name="reactorScriptShouldEvaluate(String)[3]" classname="scripting.ScriptEvaluationTest" time="0.031"/>
  <testcase name="reactorScriptShouldEvaluate(String)[4]" classname="scripting.ScriptEvaluationTest" time="0.034"/>
  <testcase name="reactorScriptShouldEvaluate(String)[5]" classname="scripting.ScriptEvaluationTest" time="0.032"/>
  <testcase name="reactorScriptShouldEvaluate(String)[6]" classname="scripting.ScriptEvaluationTest" time="0.016"/>
  <testcase name="reactorScriptShouldEvaluate(String)[7]" classname="scripting.ScriptEvaluationTest" time="0.017"/>
  <testcase name="reactorScriptShouldEvaluate(String)[8]" classname="scripting.ScriptEvaluationTest" time="0.017"/>
  <testcase name="reactorScriptShouldEvaluate(String)[9]" classname="scripting.ScriptEvaluationTest" time="0.016"/>
  <testcase name="reactorScriptShouldEvaluate(String)[10]" classname="scripting.ScriptEvaluationTest" time="0.048"/>
  <testcase name="reactorScriptShouldEvaluate(String)[11]" classname="scripting.ScriptEvaluationTest" time="0.026"/>
  <testcase name="reactorScriptShouldEvaluate(String)[12]" classname="scripting.ScriptEvaluationTest" time="0.011"/>
  <testcase name="reactorScriptShouldEvaluate(String)[13]" classname="scripting.ScriptEvaluationTest" time="0.036"/>
  <testcase name="reactorScriptShouldEvaluate(String)[14]" classname="scripting.ScriptEvaluationTest" time="0.019"/>
  <testcase name="reactorScriptShouldEvaluate(String)[15]" classname="scripting.ScriptEvaluationTest" time="0.031"/>
  <testcase name="reactorScriptShouldEvaluate(String)[16]" classname="scripting.ScriptEvaluationTest" time="0.018"/>
  <testcase name="reactorScriptShouldEvaluate(String)[17]" classname="scripting.ScriptEvaluationTest" time="0.014"/>
  <testcase name="reactorScriptShouldEvaluate(String)[18]" classname="scripting.ScriptEvaluationTest" time="0.032"/>
  <testcase name="reactorScriptShouldEvaluate(String)[19]" classname="scripting.ScriptEvaluationTest" time="0.016"/>
  <testcase name="reactorScriptShouldEvaluate(String)[20]" classname="scripting.ScriptEvaluationTest" time="0.031"/>
  <testcase name="reactorScriptShouldEvaluate(String)[21]" classname="scripting.ScriptEvaluationTest" time="0.016"/>
  <testcase name="reactorScriptShouldEvaluate(String)[22]" classname="scripting.ScriptEvaluationTest" time="0.016"/>
  <testcase name="reactorScriptShouldEvaluate(String)[23]" classname="scripting.ScriptEvaluationTest" time="0.031"/>
  <testcase name="reactorScriptShouldEvaluate(String)[24]" classname="scripting.ScriptEvaluationTest" time="0.016"/>
  <testcase name="reactorScriptShouldEvaluate(String)[25]" classname="scripting.ScriptEvaluationTest" time="0.016"/>
  <testcase name="reactorScriptShouldEvaluate(String)[26]" classname="scripting.ScriptEvaluationTest" time="0.016"/>
  <testcase name="reactorScriptShouldEvaluate(String)[27]" classname="scripting.ScriptEvaluationTest" time="0.016"/>
  <testcase name="reactorScriptShouldEvaluate(String)[28]" classname="scripting.ScriptEvaluationTest" time="0.016"/>
  <testcase name="reactorScriptShouldEvaluate(String)[29]" classname="scripting.ScriptEvaluationTest" time="0.016"/>
  <testcase name="reactorScriptShouldEvaluate(String)[30]" classname="scripting.ScriptEvaluationTest" time="0.016"/>
  <testcase name="reactorScriptShouldEvaluate(String)[31]" classname="scripting.ScriptEvaluationTest" time="0.031"/>
  <testcase name="reactorScriptShouldEvaluate(String)[32]" classname="scripting.ScriptEvaluationTest" time="0.015"/>
  <testcase name="reactorScriptShouldEvaluate(String)[33]" classname="scripting.ScriptEvaluationTest" time="0.032"/>
  <testcase name="reactorScriptShouldEvaluate(String)[34]" classname="scripting.ScriptEvaluationTest" time="0.015"/>
  <testcase name="reactorScriptShouldEvaluate(String)[35]" classname="scripting.ScriptEvaluationTest" time="0.033"/>
  <testcase name="reactorScriptShouldEvaluate(String)[36]" classname="scripting.ScriptEvaluationTest" time="0.016"/>
  <testcase name="reactorScriptShouldEvaluate(String)[37]" classname="scripting.ScriptEvaluationTest" time="0.016"/>
  <testcase name="reactorScriptShouldEvaluate(String)[38]" classname="scripting.ScriptEvaluationTest" time="0.019"/>
  <testcase name="reactorScriptShouldEvaluate(String)[39]" classname="scripting.ScriptEvaluationTest" time="0.016"/>
  <testcase name="reactorScriptShouldEvaluate(String)[40]" classname="scripting.ScriptEvaluationTest" time="0.016"/>
  <testcase name="reactorScriptShouldEvaluate(String)[41]" classname="scripting.ScriptEvaluationTest" time="0.017"/>
  <testcase name="reactorScriptShouldEvaluate(String)[42]" classname="scripting.ScriptEvaluationTest" time="0.016"/>
  <testcase name="reactorScriptShouldEvaluate(String)[43]" classname="scripting.ScriptEvaluationTest" time="0.016"/>
  <testcase name="reactorScriptShouldEvaluate(String)[44]" classname="scripting.ScriptEvaluationTest" time="0.032"/>
  <testcase name="reactorScriptShouldEvaluate(String)[45]" classname="scripting.ScriptEvaluationTest" time="0.032"/>
  <testcase name="reactorScriptShouldEvaluate(String)[46]" classname="scripting.ScriptEvaluationTest" time="0.023"/>
  <testcase name="reactorScriptShouldEvaluate(String)[47]" classname="scripting.ScriptEvaluationTest" time="0.042"/>
  <testcase name="reactorScriptShouldEvaluate(String)[48]" classname="scripting.ScriptEvaluationTest" time="0.021"/>
  <testcase name="reactorScriptShouldEvaluate(String)[49]" classname="scripting.ScriptEvaluationTest" time="0.011"/>
  <testcase name="reactorScriptShouldEvaluate(String)[50]" classname="scripting.ScriptEvaluationTest" time="0.02"/>
  <testcase name="reactorScriptShouldEvaluate(String)[51]" classname="scripting.ScriptEvaluationTest" time="0.012"/>
  <testcase name="reactorScriptShouldEvaluate(String)[52]" classname="scripting.ScriptEvaluationTest" time="0.019"/>
  <testcase name="reactorScriptShouldEvaluate(String)[53]" classname="scripting.ScriptEvaluationTest" time="0.013"/>
  <testcase name="reactorScriptShouldEvaluate(String)[54]" classname="scripting.ScriptEvaluationTest" time="0.018"/>
  <testcase name="reactorScriptShouldEvaluate(String)[55]" classname="scripting.ScriptEvaluationTest" time="0.014"/>
  <testcase name="reactorScriptShouldEvaluate(String)[56]" classname="scripting.ScriptEvaluationTest" time="0.018"/>
  <testcase name="reactorScriptShouldEvaluate(String)[57]" classname="scripting.ScriptEvaluationTest" time="0.014"/>
  <testcase name="reactorScriptShouldEvaluate(String)[58]" classname="scripting.ScriptEvaluationTest" time="0.016"/>
  <testcase name="reactorScriptShouldEvaluate(String)[59]" classname="scripting.ScriptEvaluationTest" time="0.032"/>
  <testcase name="reactorScriptShouldEvaluate(String)[60]" classname="scripting.ScriptEvaluationTest" time="0.015"/>
  <testcase name="reactorScriptShouldEvaluate(String)[61]" classname="scripting.ScriptEvaluationTest" time="0.016"/>
  <testcase name="reactorScriptShouldEvaluate(String)[62]" classname="scripting.ScriptEvaluationTest" time="0.016"/>
  <testcase name="reactorScriptShouldEvaluate(String)[63]" classname="scripting.ScriptEvaluationTest" time="0.016"/>
  <testcase name="reactorScriptShouldEvaluate(String)[64]" classname="scripting.ScriptEvaluationTest" time="0.015"/>
  <testcase name="reactorScriptShouldEvaluate(String)[65]" classname="scripting.ScriptEvaluationTest" time="0.016"/>
  <testcase name="reactorScriptShouldEvaluate(String)[66]" classname="scripting.ScriptEvaluationTest" time="0.015"/>
  <testcase name="reactorScriptShouldEvaluate(String)[67]" classname="scripting.ScriptEvaluationTest" time="0.016"/>
  <testcase name="reactorScriptShouldEvaluate(String)[68]" classname="scripting.ScriptEvaluationTest" time="0.016"/>
  <testcase name="reactorScriptShouldEvaluate(String)[69]" classname="scripting.ScriptEvaluationTest" time="0.015"/>
  <testcase name="reactorScriptShouldEvaluate(String)[70]" classname="scripting.ScriptEvaluationTest" time="0.016"/>
  <testcase name="reactorScriptShouldEvaluate(String)[71]" classname="scripting.ScriptEvaluationTest" time="0.016"/>
  <testcase name="reactorScriptShouldEvaluate(String)[72]" classname="scripting.ScriptEvaluationTest" time="0.015"/>
  <testcase name="reactorScriptShouldEvaluate(String)[73]" classname="scripting.ScriptEvaluationTest" time="0.016"/>
  <testcase name="reactorScriptShouldEvaluate(String)[74]" classname="scripting.ScriptEvaluationTest" time="0.031"/>
  <testcase name="reactorScriptShouldEvaluate(String)[75]" classname="scripting.ScriptEvaluationTest" time="0.016"/>
  <testcase name="reactorScriptShouldEvaluate(String)[76]" classname="scripting.ScriptEvaluationTest" time="0.015"/>
  <testcase name="reactorScriptShouldEvaluate(String)[77]" classname="scripting.ScriptEvaluationTest" time="0.016"/>
  <testcase name="reactorScriptShouldEvaluate(String)[78]" classname="scripting.ScriptEvaluationTest" time="0.016"/>
  <testcase name="reactorScriptShouldEvaluate(String)[79]" classname="scripting.ScriptEvaluationTest" time="0.015"/>
  <testcase name="reactorScriptShouldEvaluate(String)[80]" classname="scripting.ScriptEvaluationTest" time="0.016"/>
  <testcase name="reactorScriptShouldEvaluate(String)[81]" classname="scripting.ScriptEvaluationTest" time="0.0"/>
  <testcase name="reactorScriptShouldEvaluate(String)[82]" classname="scripting.ScriptEvaluationTest" time="0.032"/>
  <testcase name="reactorScriptShouldEvaluate(String)[83]" classname="scripting.ScriptEvaluationTest" time="0.015"/>
  <testcase name="reactorScriptShouldEvaluate(String)[84]" classname="scripting.ScriptEvaluationTest" time="0.016"/>
  <testcase name="reactorScriptShouldEvaluate(String)[85]" classname="scripting.ScriptEvaluationTest" time="0.016"/>
  <testcase name="reactorScriptShouldEvaluate(String)[86]" classname="scripting.ScriptEvaluationTest" time="0.015"/>
  <testcase name="reactorScriptShouldEvaluate(String)[87]" classname="scripting.ScriptEvaluationTest" time="0.047"/>
  <testcase name="reactorScriptShouldEvaluate(String)[88]" classname="scripting.ScriptEvaluationTest" time="0.016"/>
  <testcase name="reactorScriptShouldEvaluate(String)[89]" classname="scripting.ScriptEvaluationTest" time="0.02"/>
  <testcase name="reactorScriptShouldEvaluate(String)[90]" classname="scripting.ScriptEvaluationTest" time="0.016"/>
  <testcase name="reactorScriptShouldEvaluate(String)[91]" classname="scripting.ScriptEvaluationTest" time="0.017"/>
  <testcase name="reactorScriptShouldEvaluate(String)[92]" classname="scripting.ScriptEvaluationTest" time="0.015"/>
  <testcase name="reactorScriptShouldEvaluate(String)[93]" classname="scripting.ScriptEvaluationTest" time="0.017"/>
  <testcase name="reactorScriptShouldEvaluate(String)[94]" classname="scripting.ScriptEvaluationTest" time="0.016"/>
  <testcase name="reactorScriptShouldEvaluate(String)[95]" classname="scripting.ScriptEvaluationTest" time="0.016"/>
  <testcase name="reactorScriptShouldEvaluate(String)[96]" classname="scripting.ScriptEvaluationTest" time="0.016"/>
  <testcase name="reactorScriptShouldEvaluate(String)[97]" classname="scripting.ScriptEvaluationTest" time="0.016"/>
  <testcase name="reactorScriptShouldEvaluate(String)[98]" classname="scripting.ScriptEvaluationTest" time="0.0"/>
  <testcase name="reactorScriptShouldEvaluate(String)[99]" classname="scripting.ScriptEvaluationTest" time="0.007"/>
  <testcase name="reactorScriptShouldEvaluate(String)[100]" classname="scripting.ScriptEvaluationTest" time="0.009"/>
  <testcase name="reactorScriptShouldEvaluate(String)[101]" classname="scripting.ScriptEvaluationTest" time="0.022"/>
  <testcase name="reactorScriptShouldEvaluate(String)[102]" classname="scripting.ScriptEvaluationTest" time="0.01"/>
  <testcase name="reactorScriptShouldEvaluate(String)[103]" classname="scripting.ScriptEvaluationTest" time="0.016"/>
  <testcase name="reactorScriptShouldEvaluate(String)[104]" classname="scripting.ScriptEvaluationTest" time="0.011"/>
  <testcase name="reactorScriptShouldEvaluate(String)[105]" classname="scripting.ScriptEvaluationTest" time="0.02"/>
  <testcase name="reactorScriptShouldEvaluate(String)[106]" classname="scripting.ScriptEvaluationTest" time="0.012"/>
  <testcase name="reactorScriptShouldEvaluate(String)[107]" classname="scripting.ScriptEvaluationTest" time="0.02"/>
  <testcase name="reactorScriptShouldEvaluate(String)[108]" classname="scripting.ScriptEvaluationTest" time="0.012"/>
  <testcase name="reactorScriptShouldEvaluate(String)[109]" classname="scripting.ScriptEvaluationTest" time="0.019"/>
  <testcase name="reactorScriptShouldEvaluate(String)[110]" classname="scripting.ScriptEvaluationTest" time="0.014"/>
  <testcase name="reactorScriptShouldEvaluate(String)[111]" classname="scripting.ScriptEvaluationTest" time="0.017"/>
  <testcase name="reactorScriptShouldEvaluate(String)[112]" classname="scripting.ScriptEvaluationTest" time="0.015"/>
  <testcase name="reactorScriptShouldEvaluate(String)[113]" classname="scripting.ScriptEvaluationTest" time="0.0"/>
  <testcase name="reactorScriptShouldEvaluate(String)[114]" classname="scripting.ScriptEvaluationTest" time="0.001"/>
  <testcase name="reactorScriptShouldEvaluate(String)[115]" classname="scripting.ScriptEvaluationTest" time="0.016"/>
  <testcase name="reactorScriptShouldEvaluate(String)[116]" classname="scripting.ScriptEvaluationTest" time="0.016"/>
  <testcase name="reactorScriptShouldEvaluate(String)[117]" classname="scripting.ScriptEvaluationTest" time="0.015"/>
  <testcase name="reactorScriptShouldEvaluate(String)[118]" classname="scripting.ScriptEvaluationTest" time="0.015"/>
  <testcase name="reactorScriptShouldEvaluate(String)[119]" classname="scripting.ScriptEvaluationTest" time="0.016"/>
  <testcase name="reactorScriptShouldEvaluate(String)[120]" classname="scripting.ScriptEvaluationTest" time="0.016"/>
  <testcase name="reactorScriptShouldEvaluate(String)[121]" classname="scripting.ScriptEvaluationTest" time="0.016"/>
  <testcase name="reactorScriptShouldEvaluate(String)[122]" classname="scripting.ScriptEvaluationTest" time="0.015"/>
  <testcase name="reactorScriptShouldEvaluate(String)[123]" classname="scripting.ScriptEvaluationTest" time="0.016"/>
  <testcase name="reactorScriptShouldEvaluate(String)[124]" classname="scripting.ScriptEvaluationTest" time="0.015"/>
  <testcase name="reactorScriptShouldEvaluate(String)[125]" classname="scripting.ScriptEvaluationTest" time="0.016"/>
  <testcase name="reactorScriptShouldEvaluate(String)[126]" classname="scripting.ScriptEvaluationTest" time="0.015"/>
  <testcase name="reactorScriptShouldEvaluate(String)[127]" classname="scripting.ScriptEvaluationTest" time="0.016"/>
  <testcase name="reactorScriptShouldEvaluate(String)[128]" classname="scripting.ScriptEvaluationTest" time="0.016"/>
  <testcase name="reactorScriptShouldEvaluate(String)[129]" classname="scripting.ScriptEvaluationTest" time="0.031"/>
  <testcase name="reactorScriptShouldEvaluate(String)[130]" classname="scripting.ScriptEvaluationTest" time="0.016"/>
  <testcase name="reactorScriptShouldEvaluate(String)[131]" classname="scripting.ScriptEvaluationTest" time="0.0"/>
  <testcase name="reactorScriptShouldEvaluate(String)[132]" classname="scripting.ScriptEvaluationTest" time="0.015"/>
  <testcase name="reactorScriptShouldEvaluate(String)[133]" classname="scripting.ScriptEvaluationTest" time="0.016"/>
  <testcase name="reactorScriptShouldEvaluate(String)[134]" classname="scripting.ScriptEvaluationTest" time="0.015"/>
  <testcase name="reactorScriptShouldEvaluate(String)[135]" classname="scripting.ScriptEvaluationTest" time="0.016"/>
  <testcase name="reactorScriptShouldEvaluate(String)[136]" classname="scripting.ScriptEvaluationTest" time="0.0"/>
  <testcase name="reactorScriptShouldEvaluate(String)[137]" classname="scripting.ScriptEvaluationTest" time="0.0"/>
  <testcase name="reactorScriptShouldEvaluate(String)[138]" classname="scripting.ScriptEvaluationTest" time="0.016"/>
  <testcase name="reactorScriptShouldEvaluate(String)[139]" classname="scripting.ScriptEvaluationTest" time="0.015"/>
  <testcase name="reactorScriptShouldEvaluate(String)[140]" classname="scripting.ScriptEvaluationTest" time="0.0"/>
  <testcase name="reactorScriptShouldEvaluate(String)[141]" classname="scripting.ScriptEvaluationTest" time="0.031"/>
  <testcase name="reactorScriptShouldEvaluate(String)[142]" classname="scripting.ScriptEvaluationTest" time="0.016"/>
  <testcase name="reactorScriptShouldEvaluate(String)[143]" classname="scripting.ScriptEvaluationTest" time="0.016"/>
  <testcase name="reactorScriptShouldEvaluate(String)[144]" classname="scripting.ScriptEvaluationTest" time="0.0"/>
  <testcase name="reactorScriptShouldEvaluate(String)[145]" classname="scripting.ScriptEvaluationTest" time="0.0"/>
  <testcase name="reactorScriptShouldEvaluate(String)[146]" classname="scripting.ScriptEvaluationTest" time="0.016"/>
  <testcase name="reactorScriptShouldEvaluate(String)[147]" classname="scripting.ScriptEvaluationTest" time="0.015"/>
  <testcase name="reactorScriptShouldEvaluate(String)[148]" classname="scripting.ScriptEvaluationTest" time="0.016"/>
  <testcase name="reactorScriptShouldEvaluate(String)[149]" classname="scripting.ScriptEvaluationTest" time="0.0"/>
  <testcase name="reactorScriptShouldEvaluate(String)[150]" classname="scripting.ScriptEvaluationTest" time="0.0"/>
  <testcase name="reactorScriptShouldEvaluate(String)[151]" classname="scripting.ScriptEvaluationTest" time="0.015"/>
  <testcase name="reactorScriptShouldEvaluate(String)[152]" classname="scripting.ScriptEvaluationTest" time="0.016"/>
  <testcase name="reactorScriptShouldEvaluate(String)[153]" classname="scripting.ScriptEvaluationTest" time="0.0"/>
  <testcase name="reactorScriptShouldEvaluate(String)[154]" classname="scripting.ScriptEvaluationTest" time="0.0"/>
  <testcase name="reactorScriptShouldEvaluate(String)[155]" classname="scripting.ScriptEvaluationTest" time="0.016"/>
  <testcase name="reactorScriptShouldEvaluate(String)[156]" classname="scripting.ScriptEvaluationTest" time="0.016"/>
  <testcase name="reactorScriptShouldEvaluate(String)[157]" classname="scripting.ScriptEvaluationTest" time="0.016"/>
  <testcase name="reactorScriptShouldEvaluate(String)[158]" classname="scripting.ScriptEvaluationTest" time="0.016"/>
  <testcase name="reactorScriptShouldEvaluate(String)[159]" classname="scripting.ScriptEvaluationTest" time="0.016"/>
  <testcase name="reactorScriptShouldEvaluate(String)[160]" classname="scripting.ScriptEvaluationTest" time="0.016"/>
  <testcase name="reactorScriptShouldEvaluate(String)[161]" classname="scripting.ScriptEvaluationTest" time="0.016"/>
  <testcase name="reactorScriptShouldEvaluate(String)[162]" classname="scripting.ScriptEvaluationTest" time="0.016"/>
  <testcase name="reactorScriptShouldEvaluate(String)[163]" classname="scripting.ScriptEvaluationTest" time="0.016"/>
  <testcase name="reactorScriptShouldEvaluate(String)[164]" classname="scripting.ScriptEvaluationTest" time="0.017"/>
  <testcase name="reactorScriptShouldEvaluate(String)[165]" classname="scripting.ScriptEvaluationTest" time="0.015"/>
  <testcase name="reactorScriptShouldEvaluate(String)[166]" classname="scripting.ScriptEvaluationTest" time="0.007"/>
  <testcase name="reactorScriptShouldEvaluate(String)[167]" classname="scripting.ScriptEvaluationTest" time="0.016"/>
  <testcase name="reactorScriptShouldEvaluate(String)[168]" classname="scripting.ScriptEvaluationTest" time="0.008"/>
  <testcase name="reactorScriptShouldEvaluate(String)[169]" classname="scripting.ScriptEvaluationTest" time="0.016"/>
  <testcase name="reactorScriptShouldEvaluate(String)[170]" classname="scripting.ScriptEvaluationTest" time="0.016"/>
  <testcase name="reactorScriptShouldEvaluate(String)[171]" classname="scripting.ScriptEvaluationTest" time="0.016"/>
  <testcase name="reactorScriptShouldEvaluate(String)[172]" classname="scripting.ScriptEvaluationTest" time="0.006"/>
  <testcase name="reactorScriptShouldEvaluate(String)[173]" classname="scripting.ScriptEvaluationTest" time="0.016"/>
  <testcase name="reactorScriptShouldEvaluate(String)[174]" classname="scripting.ScriptEvaluationTest" time="0.006"/>
  <testcase name="reactorScriptShouldEvaluate(String)[175]" classname="scripting.ScriptEvaluationTest" time="0.01"/>
  <testcase name="reactorScriptShouldEvaluate(String)[176]" classname="scripting.ScriptEvaluationTest" time="0.016"/>
  <testcase name="reactorScriptShouldEvaluate(String)[177]" classname="scripting.ScriptEvaluationTest" time="0.016"/>
  <testcase name="reactorScriptShouldEvaluate(String)[178]" classname="scripting.ScriptEvaluationTest" time="0.0"/>
  <testcase name="reactorScriptShouldEvaluate(String)[179]" classname="scripting.ScriptEvaluationTest" time="0.015"/>
  <testcase name="reactorScriptShouldEvaluate(String)[180]" classname="scripting.ScriptEvaluationTest" time="0.016"/>
  <testcase name="reactorScriptShouldEvaluate(String)[181]" classname="scripting.ScriptEvaluationTest" time="0.016"/>
  <testcase name="reactorScriptShouldEvaluate(String)[182]" classname="scripting.ScriptEvaluationTest" time="0.0"/>
  <testcase name="reactorScriptShouldEvaluate(String)[183]" classname="scripting.ScriptEvaluationTest" time="0.0"/>
  <testcase name="reactorScriptShouldEvaluate(String)[184]" classname="scripting.ScriptEvaluationTest" time="0.015"/>
  <testcase name="reactorScriptShouldEvaluate(String)[185]" classname="scripting.ScriptEvaluationTest" time="0.015"/>
  <testcase name="reactorScriptShouldEvaluate(String)[186]" classname="scripting.ScriptEvaluationTest" time="0.016"/>
  <testcase name="reactorScriptShouldEvaluate(String)[187]" classname="scripting.ScriptEvaluationTest" time="0.016"/>
  <testcase name="reactorScriptShouldEvaluate(String)[188]" classname="scripting.ScriptEvaluationTest" time="0.0"/>
  <testcase name="reactorScriptShouldEvaluate(String)[189]" classname="scripting.ScriptEvaluationTest" time="0.0"/>
  <testcase name="reactorScriptShouldEvaluate(String)[190]" classname="scripting.ScriptEvaluationTest" time="0.015"/>
  <testcase name="reactorScriptShouldEvaluate(String)[191]" classname="scripting.ScriptEvaluationTest" time="0.016"/>
  <testcase name="reactorScriptShouldEvaluate(String)[192]" classname="scripting.ScriptEvaluationTest" time="0.015"/>
  <testcase name="reactorScriptShouldEvaluate(String)[193]" classname="scripting.ScriptEvaluationTest" time="0.016"/>
  <testcase name="reactorScriptShouldEvaluate(String)[194]" classname="scripting.ScriptEvaluationTest" time="0.016"/>
  <testcase name="reactorScriptShouldEvaluate(String)[195]" classname="scripting.ScriptEvaluationTest" time="0.015"/>
  <testcase name="reactorScriptShouldEvaluate(String)[196]" classname="scripting.ScriptEvaluationTest" time="0.0"/>
  <testcase name="reactorScriptShouldEvaluate(String)[197]" classname="scripting.ScriptEvaluationTest" time="0.0"/>
  <testcase name="reactorScriptShouldEvaluate(String)[198]" classname="scripting.ScriptEvaluationTest" time="0.015"/>
  <testcase name="reactorScriptShouldEvaluate(String)[199]" classname="scripting.ScriptEvaluationTest" time="0.016"/>
  <testcase name="reactorScriptShouldEvaluate(String)[200]" classname="scripting.ScriptEvaluationTest" time="0.016"/>
  <testcase name="reactorScriptShouldEvaluate(String)[201]" classname="scripting.ScriptEvaluationTest" time="0.015"/>
  <testcase name="reactorScriptShouldEvaluate(String)[202]" classname="scripting.ScriptEvaluationTest" time="0.016"/>
  <testcase name="reactorScriptShouldEvaluate(String)[203]" classname="scripting.ScriptEvaluationTest" time="0.016"/>
  <testcase name="reactorScriptShouldEvaluate(String)[204]" classname="scripting.ScriptEvaluationTest" time="0.015"/>
  <testcase name="reactorScriptShouldEvaluate(String)[205]" classname="scripting.ScriptEvaluationTest" time="0.016"/>
  <testcase name="reactorScriptShouldEvaluate(String)[206]" classname="scripting.ScriptEvaluationTest" time="0.015"/>
  <testcase name="reactorScriptShouldEvaluate(String)[207]" classname="scripting.ScriptEvaluationTest" time="0.032"/>
  <testcase name="reactorScriptShouldEvaluate(String)[208]" classname="scripting.ScriptEvaluationTest" time="0.015"/>
  <testcase name="reactorScriptShouldEvaluate(String)[209]" classname="scripting.ScriptEvaluationTest" time="0.016"/>
  <testcase name="reactorScriptShouldEvaluate(String)[210]" classname="scripting.ScriptEvaluationTest" time="0.015"/>
  <testcase name="reactorScriptShouldEvaluate(String)[211]" classname="scripting.ScriptEvaluationTest" time="0.016"/>
  <testcase name="reactorScriptShouldEvaluate(String)[212]" classname="scripting.ScriptEvaluationTest" time="0.012"/>
  <testcase name="reactorScriptShouldEvaluate(String)[213]" classname="scripting.ScriptEvaluationTest" time="0.015"/>
  <testcase name="reactorScriptShouldEvaluate(String)[214]" classname="scripting.ScriptEvaluationTest" time="0.013"/>
  <testcase name="reactorScriptShouldEvaluate(String)[215]" classname="scripting.ScriptEvaluationTest" time="0.003"/>
  <testcase name="reactorScriptShouldEvaluate(String)[216]" classname="scripting.ScriptEvaluationTest" time="0.0"/>
  <testcase name="reactorScriptShouldEvaluate(String)[217]" classname="scripting.ScriptEvaluationTest" time="0.018"/>
  <testcase name="reactorScriptShouldEvaluate(String)[218]" classname="scripting.ScriptEvaluationTest" time="0.014"/>
  <testcase name="reactorScriptShouldEvaluate(String)[219]" classname="scripting.ScriptEvaluationTest" time="0.017"/>
  <testcase name="reactorScriptShouldEvaluate(String)[220]" classname="scripting.ScriptEvaluationTest" time="0.015"/>
  <testcase name="reactorScriptShouldEvaluate(String)[221]" classname="scripting.ScriptEvaluationTest" time="0.016"/>
  <testcase name="reactorScriptShouldEvaluate(String)[222]" classname="scripting.ScriptEvaluationTest" time="0.016"/>
  <testcase name="reactorScriptShouldEvaluate(String)[223]" classname="scripting.ScriptEvaluationTest" time="0.015"/>
  <testcase name="reactorScriptShouldEvaluate(String)[224]" classname="scripting.ScriptEvaluationTest" time="0.016"/>
  <testcase name="reactorScriptShouldEvaluate(String)[225]" classname="scripting.ScriptEvaluationTest" time="0.0"/>
  <testcase name="reactorScriptShouldEvaluate(String)[226]" classname="scripting.ScriptEvaluationTest" time="0.0"/>
  <testcase name="reactorScriptShouldEvaluate(String)[227]" classname="scripting.ScriptEvaluationTest" time="0.015"/>
  <testcase name="reactorScriptShouldEvaluate(String)[228]" classname="scripting.ScriptEvaluationTest" time="0.016"/>
  <testcase name="reactorScriptShouldEvaluate(String)[229]" classname="scripting.ScriptEvaluationTest" time="0.015"/>
  <testcase name="reactorScriptShouldEvaluate(String)[230]" classname="scripting.ScriptEvaluationTest" time="0.016"/>
  <testcase name="reactorScriptShouldEvaluate(String)[231]" classname="scripting.ScriptEvaluationTest" time="0.016"/>
  <testcase name="reactorScriptShouldEvaluate(String)[232]" classname="scripting.ScriptEvaluationTest" time="0.015"/>
  <testcase name="reactorScriptShouldEvaluate(String)[233]" classname="scripting.ScriptEvaluationTest" time="0.0"/>
  <testcase name="reactorScriptShouldEvaluate(String)[234]" classname="scripting.ScriptEvaluationTest" time="0.0"/>
  <testcase name="reactorScriptShouldEvaluate(String)[235]" classname="scripting.ScriptEvaluationTest" time="0.015"/>
  <testcase name="reactorScriptShouldEvaluate(String)[236]" classname="scripting.ScriptEvaluationTest" time="0.016"/>
  <testcase name="reactorScriptShouldEvaluate(String)[237]" classname="scripting.ScriptEvaluationTest" time="0.016"/>
  <testcase name="reactorScriptShouldEvaluate(String)[238]" classname="scripting.ScriptEvaluationTest" time="0.016"/>
  <testcase name="reactorScriptShouldEvaluate(String)[239]" classname="scripting.ScriptEvaluationTest" time="0.0"/>
  <testcase name="reactorScriptShouldEvaluate(String)[240]" classname="scripting.ScriptEvaluationTest" time="0.0"/>
  <testcase name="reactorScriptShouldEvaluate(String)[241]" classname="scripting.ScriptEvaluationTest" time="0.016"/>
  <testcase name="reactorScriptShouldEvaluate(String)[242]" classname="scripting.ScriptEvaluationTest" time="0.015"/>
  <testcase name="reactorScriptShouldEvaluate(String)[243]" classname="scripting.ScriptEvaluationTest" time="0.016"/>
  <testcase name="reactorScriptShouldEvaluate(String)[244]" classname="scripting.ScriptEvaluationTest" time="0.0"/>
  <testcase name="reactorScriptShouldEvaluate(String)[245]" classname="scripting.ScriptEvaluationTest" time="0.015"/>
  <testcase name="reactorScriptShouldEvaluate(String)[246]" classname="scripting.ScriptEvaluationTest" time="0.016"/>
  <testcase name="reactorScriptShouldEvaluate(String)[247]" classname="scripting.ScriptEvaluationTest" time="0.0"/>
  <testcase name="reactorScriptShouldEvaluate(String)[248]" classname="scripting.ScriptEvaluationTest" time="0.0"/>
  <testcase name="reactorScriptShouldEvaluate(String)[249]" classname="scripting.ScriptEvaluationTest" time="0.016"/>
  <testcase name="reactorScriptShouldEvaluate(String)[250]" classname="scripting.ScriptEvaluationTest" time="0.015"/>
  <testcase name="reactorScriptShouldEvaluate(String)[251]" classname="scripting.ScriptEvaluationTest" time="0.016"/>
  <testcase name="reactorScriptShouldEvaluate(String)[252]" classname="scripting.ScriptEvaluationTest" time="0.015"/>
  <testcase name="reactorScriptShouldEvaluate(String)[253]" classname="scripting.ScriptEvaluationTest" time="0.016"/>
  <testcase name="reactorScriptShouldEvaluate(String)[254]" classname="scripting.ScriptEvaluationTest" time="0.0"/>
  <testcase name="reactorScriptShouldEvaluate(String)[255]" classname="scripting.ScriptEvaluationTest" time="0.0"/>
  <testcase name="reactorScriptShouldEvaluate(String)[256]" classname="scripting.ScriptEvaluationTest" time="0.0"/>
  <testcase name="reactorScriptShouldEvaluate(String)[257]" classname="scripting.ScriptEvaluationTest" time="0.016"/>
  <testcase name="reactorScriptShouldEvaluate(String)[258]" classname="scripting.ScriptEvaluationTest" time="0.016"/>
  <testcase name="reactorScriptShouldEvaluate(String)[259]" classname="scripting.ScriptEvaluationTest" time="0.015"/>
  <testcase name="reactorScriptShouldEvaluate(String)[260]" classname="scripting.ScriptEvaluationTest" time="0.016"/>
  <testcase name="reactorScriptShouldEvaluate(String)[261]" classname="scripting.ScriptEvaluationTest" time="0.0"/>
  <testcase name="reactorScriptShouldEvaluate(String)[262]" classname="scripting.ScriptEvaluationTest" time="0.015"/>
  <testcase name="reactorScriptShouldEvaluate(String)[263]" classname="scripting.ScriptEvaluationTest" time="0.016"/>
  <testcase name="reactorScriptShouldEvaluate(String)[264]" classname="scripting.ScriptEvaluationTest" time="0.016"/>
  <testcase name="reactorScriptShouldEvaluate(String)[265]" classname="scripting.ScriptEvaluationTest" time="0.0"/>
  <testcase name="reactorScriptShouldEvaluate(String)[266]" classname="scripting.ScriptEvaluationTest" time="0.015"/>
  <testcase name="reactorScriptShouldEvaluate(String)[267]" classname="scripting.ScriptEvaluationTest" time="0.016"/>
  <testcase name="reactorScriptShouldEvaluate(String)[268]" classname="scripting.ScriptEvaluationTest" time="0.0"/>
  <testcase name="reactorScriptShouldEvaluate(String)[269]" classname="scripting.ScriptEvaluationTest" time="0.0"/>
  <testcase name="reactorScriptShouldEvaluate(String)[270]" classname="scripting.ScriptEvaluationTest" time="0.016"/>
  <testcase name="reactorScriptShouldEvaluate(String)[271]" classname="scripting.ScriptEvaluationTest" time="0.016"/>
  <testcase name="reactorScriptShouldEvaluate(String)[272]" classname="scripting.ScriptEvaluationTest" time="0.0"/>
  <testcase name="reactorScriptShouldEvaluate(String)[273]" classname="scripting.ScriptEvaluationTest" time="0.015"/>
  <testcase name="reactorScriptShouldEvaluate(String)[274]" classname="scripting.ScriptEvaluationTest" time="0.016"/>
  <testcase name="reactorScriptShouldEvaluate(String)[275]" classname="scripting.ScriptEvaluationTest" time="0.0"/>
  <testcase name="reactorScriptShouldEvaluate(String)[276]" classname="scripting.ScriptEvaluationTest" time="0.0"/>
  <testcase name="reactorScriptShouldEvaluate(String)[277]" classname="scripting.ScriptEvaluationTest" time="0.016"/>
  <testcase name="reactorScriptShouldEvaluate(String)[278]" classname="scripting.ScriptEvaluationTest" time="0.015"/>
  <testcase name="reactorScriptShouldEvaluate(String)[279]" classname="scripting.ScriptEvaluationTest" time="0.016"/>
  <testcase name="reactorScriptShouldEvaluate(String)[280]" classname="scripting.ScriptEvaluationTest" time="0.0"/>
  <testcase name="reactorScriptShouldEvaluate(String)[281]" classname="scripting.ScriptEvaluationTest" time="0.0"/>
  <testcase name="reactorScriptShouldEvaluate(String)[282]" classname="scripting.ScriptEvaluationTest" time="0.016"/>
  <testcase name="reactorScriptShouldEvaluate(String)[283]" classname="scripting.ScriptEvaluationTest" time="0.015"/>
  <testcase name="reactorScriptShouldEvaluate(String)[284]" classname="scripting.ScriptEvaluationTest" time="0.016"/>
  <testcase name="reactorScriptShouldEvaluate(String)[285]" classname="scripting.ScriptEvaluationTest" time="0.017"/>
  <testcase name="reactorScriptShouldEvaluate(String)[286]" classname="scripting.ScriptEvaluationTest" time="0.011"/>
  <testcase name="reactorScriptShouldEvaluate(String)[287]" classname="scripting.ScriptEvaluationTest" time="0.016"/>
  <testcase name="reactorScriptShouldEvaluate(String)[288]" classname="scripting.ScriptEvaluationTest" time="0.008"/>
  <testcase name="reactorScriptShouldEvaluate(String)[289]" classname="scripting.ScriptEvaluationTest" time="0.009"/>
  <testcase name="reactorScriptShouldEvaluate(String)[290]" classname="scripting.ScriptEvaluationTest" time="0.01"/>
  <testcase name="reactorScriptShouldEvaluate(String)[291]" classname="scripting.ScriptEvaluationTest" time="0.008"/>
  <testcase name="reactorScriptShouldEvaluate(String)[292]" classname="scripting.ScriptEvaluationTest" time="0.007"/>
  <testcase name="itemScriptShouldEvaluate(String)[1]" classname="scripting.ScriptEvaluationTest" time="0.016"/>
  <testcase name="itemScriptShouldEvaluate(String)[2]" classname="scripting.ScriptEvaluationTest" time="0.015"/>
  <testcase name="npcScriptShouldEvaluate(String)[1]" classname="scripting.ScriptEvaluationTest" time="0.022"/>
  <testcase name="npcScriptShouldEvaluate(String)[2]" classname="scripting.ScriptEvaluationTest" time="0.007"/>
  <testcase name="npcScriptShouldEvaluate(String)[3]" classname="scripting.ScriptEvaluationTest" time="0.024"/>
  <testcase name="npcScriptShouldEvaluate(String)[4]" classname="scripting.ScriptEvaluationTest" time="0.008"/>
  <testcase name="npcScriptShouldEvaluate(String)[5]" classname="scripting.ScriptEvaluationTest" time="0.024"/>
  <testcase name="npcScriptShouldEvaluate(String)[6]" classname="scripting.ScriptEvaluationTest" time="0.009"/>
  <testcase name="npcScriptShouldEvaluate(String)[7]" classname="scripting.ScriptEvaluationTest" time="0.022"/>
  <testcase name="npcScriptShouldEvaluate(String)[8]" classname="scripting.ScriptEvaluationTest" time="0.01"/>
  <testcase name="npcScriptShouldEvaluate(String)[9]" classname="scripting.ScriptEvaluationTest" time="0.016"/>
  <testcase name="npcScriptShouldEvaluate(String)[10]" classname="scripting.ScriptEvaluationTest" time="0.016"/>
  <testcase name="npcScriptShouldEvaluate(String)[11]" classname="scripting.ScriptEvaluationTest" time="0.021"/>
  <testcase name="npcScriptShouldEvaluate(String)[12]" classname="scripting.ScriptEvaluationTest" time="0.012"/>
  <testcase name="npcScriptShouldEvaluate(String)[13]" classname="scripting.ScriptEvaluationTest" time="0.015"/>
  <testcase name="npcScriptShouldEvaluate(String)[14]" classname="scripting.ScriptEvaluationTest" time="0.016"/>
  <testcase name="npcScriptShouldEvaluate(String)[15]" classname="scripting.ScriptEvaluationTest" time="0.016"/>
  <testcase name="npcScriptShouldEvaluate(String)[16]" classname="scripting.ScriptEvaluationTest" time="0.047"/>
  <testcase name="npcScriptShouldEvaluate(String)[17]" classname="scripting.ScriptEvaluationTest" time="0.031"/>
  <testcase name="npcScriptShouldEvaluate(String)[18]" classname="scripting.ScriptEvaluationTest" time="0.016"/>
  <testcase name="npcScriptShouldEvaluate(String)[19]" classname="scripting.ScriptEvaluationTest" time="0.015"/>
  <testcase name="npcScriptShouldEvaluate(String)[20]" classname="scripting.ScriptEvaluationTest" time="0.0"/>
  <testcase name="npcScriptShouldEvaluate(String)[21]" classname="scripting.ScriptEvaluationTest" time="0.016"/>
  <testcase name="npcScriptShouldEvaluate(String)[22]" classname="scripting.ScriptEvaluationTest" time="0.015"/>
  <testcase name="npcScriptShouldEvaluate(String)[23]" classname="scripting.ScriptEvaluationTest" time="0.0"/>
  <testcase name="npcScriptShouldEvaluate(String)[24]" classname="scripting.ScriptEvaluationTest" time="0.0"/>
  <testcase name="npcScriptShouldEvaluate(String)[25]" classname="scripting.ScriptEvaluationTest" time="0.016"/>
  <testcase name="npcScriptShouldEvaluate(String)[26]" classname="scripting.ScriptEvaluationTest" time="0.016"/>
  <testcase name="npcScriptShouldEvaluate(String)[27]" classname="scripting.ScriptEvaluationTest" time="0.0"/>
  <testcase name="npcScriptShouldEvaluate(String)[28]" classname="scripting.ScriptEvaluationTest" time="0.015"/>
  <testcase name="npcScriptShouldEvaluate(String)[29]" classname="scripting.ScriptEvaluationTest" time="0.0"/>
  <testcase name="npcScriptShouldEvaluate(String)[30]" classname="scripting.ScriptEvaluationTest" time="0.0"/>
  <testcase name="npcScriptShouldEvaluate(String)[31]" classname="scripting.ScriptEvaluationTest" time="0.016"/>
  <testcase name="npcScriptShouldEvaluate(String)[32]" classname="scripting.ScriptEvaluationTest" time="0.0"/>
  <testcase name="npcScriptShouldEvaluate(String)[33]" classname="scripting.ScriptEvaluationTest" time="0.016"/>
  <testcase name="npcScriptShouldEvaluate(String)[34]" classname="scripting.ScriptEvaluationTest" time="0.0"/>
  <testcase name="npcScriptShouldEvaluate(String)[35]" classname="scripting.ScriptEvaluationTest" time="0.0"/>
  <testcase name="npcScriptShouldEvaluate(String)[36]" classname="scripting.ScriptEvaluationTest" time="0.015"/>
  <testcase name="npcScriptShouldEvaluate(String)[37]" classname="scripting.ScriptEvaluationTest" time="0.015"/>
  <testcase name="npcScriptShouldEvaluate(String)[38]" classname="scripting.ScriptEvaluationTest" time="0.016"/>
  <testcase name="npcScriptShouldEvaluate(String)[39]" classname="scripting.ScriptEvaluationTest" time="0.016"/>
  <testcase name="npcScriptShouldEvaluate(String)[40]" classname="scripting.ScriptEvaluationTest" time="0.015"/>
  <testcase name="npcScriptShouldEvaluate(String)[41]" classname="scripting.ScriptEvaluationTest" time="0.016"/>
  <testcase name="npcScriptShouldEvaluate(String)[42]" classname="scripting.ScriptEvaluationTest" time="0.0"/>
  <testcase name="npcScriptShouldEvaluate(String)[43]" classname="scripting.ScriptEvaluationTest" time="0.0"/>
  <testcase name="npcScriptShouldEvaluate(String)[44]" classname="scripting.ScriptEvaluationTest" time="0.016"/>
  <testcase name="npcScriptShouldEvaluate(String)[45]" classname="scripting.ScriptEvaluationTest" time="0.016"/>
  <testcase name="npcScriptShouldEvaluate(String)[46]" classname="scripting.ScriptEvaluationTest" time="0.015"/>
  <testcase name="npcScriptShouldEvaluate(String)[47]" classname="scripting.ScriptEvaluationTest" time="0.0"/>
  <testcase name="npcScriptShouldEvaluate(String)[48]" classname="scripting.ScriptEvaluationTest" time="0.016"/>
  <testcase name="npcScriptShouldEvaluate(String)[49]" classname="scripting.ScriptEvaluationTest" time="0.0"/>
  <testcase name="npcScriptShouldEvaluate(String)[50]" classname="scripting.ScriptEvaluationTest" time="0.0"/>
  <testcase name="npcScriptShouldEvaluate(String)[51]" classname="scripting.ScriptEvaluationTest" time="0.016"/>
  <testcase name="npcScriptShouldEvaluate(String)[52]" classname="scripting.ScriptEvaluationTest" time="0.015"/>
  <testcase name="npcScriptShouldEvaluate(String)[53]" classname="scripting.ScriptEvaluationTest" time="0.0"/>
  <testcase name="npcScriptShouldEvaluate(String)[54]" classname="scripting.ScriptEvaluationTest" time="0.0"/>
  <testcase name="npcScriptShouldEvaluate(String)[55]" classname="scripting.ScriptEvaluationTest" time="0.016"/>
  <testcase name="npcScriptShouldEvaluate(String)[56]" classname="scripting.ScriptEvaluationTest" time="0.016"/>
  <testcase name="npcScriptShouldEvaluate(String)[57]" classname="scripting.ScriptEvaluationTest" time="0.015"/>
  <testcase name="npcScriptShouldEvaluate(String)[58]" classname="scripting.ScriptEvaluationTest" time="0.015"/>
  <testcase name="npcScriptShouldEvaluate(String)[59]" classname="scripting.ScriptEvaluationTest" time="0.016"/>
  <testcase name="npcScriptShouldEvaluate(String)[60]" classname="scripting.ScriptEvaluationTest" time="0.016"/>
  <testcase name="npcScriptShouldEvaluate(String)[61]" classname="scripting.ScriptEvaluationTest" time="0.0"/>
  <testcase name="npcScriptShouldEvaluate(String)[62]" classname="scripting.ScriptEvaluationTest" time="0.0"/>
  <testcase name="npcScriptShouldEvaluate(String)[63]" classname="scripting.ScriptEvaluationTest" time="0.015"/>
  <testcase name="npcScriptShouldEvaluate(String)[64]" classname="scripting.ScriptEvaluationTest" time="0.0"/>
  <testcase name="npcScriptShouldEvaluate(String)[65]" classname="scripting.ScriptEvaluationTest" time="0.0"/>
  <testcase name="npcScriptShouldEvaluate(String)[66]" classname="scripting.ScriptEvaluationTest" time="0.015"/>
  <testcase name="npcScriptShouldEvaluate(String)[67]" classname="scripting.ScriptEvaluationTest" time="0.016"/>
  <testcase name="npcScriptShouldEvaluate(String)[68]" classname="scripting.ScriptEvaluationTest" time="0.016"/>
  <testcase name="npcScriptShouldEvaluate(String)[69]" classname="scripting.ScriptEvaluationTest" time="0.015"/>
  <testcase name="npcScriptShouldEvaluate(String)[70]" classname="scripting.ScriptEvaluationTest" time="0.0"/>
  <testcase name="npcScriptShouldEvaluate(String)[71]" classname="scripting.ScriptEvaluationTest" time="0.032"/>
  <testcase name="npcScriptShouldEvaluate(String)[72]" classname="scripting.ScriptEvaluationTest" time="0.015"/>
  <testcase name="npcScriptShouldEvaluate(String)[73]" classname="scripting.ScriptEvaluationTest" time="0.016"/>
  <testcase name="npcScriptShouldEvaluate(String)[74]" classname="scripting.ScriptEvaluationTest" time="0.015"/>
  <testcase name="npcScriptShouldEvaluate(String)[75]" classname="scripting.ScriptEvaluationTest" time="0.0"/>
  <testcase name="npcScriptShouldEvaluate(String)[76]" classname="scripting.ScriptEvaluationTest" time="0.016"/>
  <testcase name="npcScriptShouldEvaluate(String)[77]" classname="scripting.ScriptEvaluationTest" time="0.0"/>
  <testcase name="npcScriptShouldEvaluate(String)[78]" classname="scripting.ScriptEvaluationTest" time="0.016"/>
  <testcase name="npcScriptShouldEvaluate(String)[79]" classname="scripting.ScriptEvaluationTest" time="0.016"/>
  <testcase name="npcScriptShouldEvaluate(String)[80]" classname="scripting.ScriptEvaluationTest" time="0.015"/>
  <testcase name="npcScriptShouldEvaluate(String)[81]" classname="scripting.ScriptEvaluationTest" time="0.016"/>
  <testcase name="npcScriptShouldEvaluate(String)[82]" classname="scripting.ScriptEvaluationTest" time="0.0"/>
  <testcase name="npcScriptShouldEvaluate(String)[83]" classname="scripting.ScriptEvaluationTest" time="0.015"/>
  <testcase name="npcScriptShouldEvaluate(String)[84]" classname="scripting.ScriptEvaluationTest" time="0.016"/>
  <testcase name="npcScriptShouldEvaluate(String)[85]" classname="scripting.ScriptEvaluationTest" time="0.015"/>
  <testcase name="npcScriptShouldEvaluate(String)[86]" classname="scripting.ScriptEvaluationTest" time="0.0"/>
  <testcase name="npcScriptShouldEvaluate(String)[87]" classname="scripting.ScriptEvaluationTest" time="0.016"/>
  <testcase name="npcScriptShouldEvaluate(String)[88]" classname="scripting.ScriptEvaluationTest" time="0.016"/>
  <testcase name="npcScriptShouldEvaluate(String)[89]" classname="scripting.ScriptEvaluationTest" time="0.0"/>
  <testcase name="npcScriptShouldEvaluate(String)[90]" classname="scripting.ScriptEvaluationTest" time="0.015"/>
  <testcase name="npcScriptShouldEvaluate(String)[91]" classname="scripting.ScriptEvaluationTest" time="0.016"/>
  <testcase name="npcScriptShouldEvaluate(String)[92]" classname="scripting.ScriptEvaluationTest" time="0.015"/>
  <testcase name="npcScriptShouldEvaluate(String)[93]" classname="scripting.ScriptEvaluationTest" time="0.0"/>
  <testcase name="npcScriptShouldEvaluate(String)[94]" classname="scripting.ScriptEvaluationTest" time="0.016"/>
  <testcase name="npcScriptShouldEvaluate(String)[95]" classname="scripting.ScriptEvaluationTest" time="0.016"/>
  <testcase name="npcScriptShouldEvaluate(String)[96]" classname="scripting.ScriptEvaluationTest" time="0.016"/>
  <testcase name="npcScriptShouldEvaluate(String)[97]" classname="scripting.ScriptEvaluationTest" time="0.046"/>
  <testcase name="npcScriptShouldEvaluate(String)[98]" classname="scripting.ScriptEvaluationTest" time="0.0"/>
  <testcase name="npcScriptShouldEvaluate(String)[99]" classname="scripting.ScriptEvaluationTest" time="0.019"/>
  <testcase name="npcScriptShouldEvaluate(String)[100]" classname="scripting.ScriptEvaluationTest" time="0.013"/>
  <testcase name="npcScriptShouldEvaluate(String)[101]" classname="scripting.ScriptEvaluationTest" time="0.096"/>
  <testcase name="npcScriptShouldEvaluate(String)[102]" classname="scripting.ScriptEvaluationTest" time="0.0"/>
  <testcase name="npcScriptShouldEvaluate(String)[103]" classname="scripting.ScriptEvaluationTest" time="0.0"/>
  <testcase name="npcScriptShouldEvaluate(String)[104]" classname="scripting.ScriptEvaluationTest" time="0.016"/>
  <testcase name="npcScriptShouldEvaluate(String)[105]" classname="scripting.ScriptEvaluationTest" time="0.029"/>
  <testcase name="npcScriptShouldEvaluate(String)[106]" classname="scripting.ScriptEvaluationTest" time="0.0"/>
  <testcase name="npcScriptShouldEvaluate(String)[107]" classname="scripting.ScriptEvaluationTest" time="0.016"/>
  <testcase name="npcScriptShouldEvaluate(String)[108]" classname="scripting.ScriptEvaluationTest" time="0.013"/>
  <testcase name="npcScriptShouldEvaluate(String)[109]" classname="scripting.ScriptEvaluationTest" time="0.0"/>
  <testcase name="npcScriptShouldEvaluate(String)[110]" classname="scripting.ScriptEvaluationTest" time="0.016"/>
  <testcase name="npcScriptShouldEvaluate(String)[111]" classname="scripting.ScriptEvaluationTest" time="0.0"/>
  <testcase name="npcScriptShouldEvaluate(String)[112]" classname="scripting.ScriptEvaluationTest" time="0.004"/>
  <testcase name="npcScriptShouldEvaluate(String)[113]" classname="scripting.ScriptEvaluationTest" time="0.0"/>
  <testcase name="npcScriptShouldEvaluate(String)[114]" classname="scripting.ScriptEvaluationTest" time="0.016"/>
  <testcase name="npcScriptShouldEvaluate(String)[115]" classname="scripting.ScriptEvaluationTest" time="0.011"/>
  <testcase name="npcScriptShouldEvaluate(String)[116]" classname="scripting.ScriptEvaluationTest" time="0.0"/>
  <testcase name="npcScriptShouldEvaluate(String)[117]" classname="scripting.ScriptEvaluationTest" time="0.016"/>
  <testcase name="npcScriptShouldEvaluate(String)[118]" classname="scripting.ScriptEvaluationTest" time="0.01"/>
  <testcase name="npcScriptShouldEvaluate(String)[119]" classname="scripting.ScriptEvaluationTest" time="0.006"/>
  <testcase name="npcScriptShouldEvaluate(String)[120]" classname="scripting.ScriptEvaluationTest" time="0.016"/>
  <testcase name="npcScriptShouldEvaluate(String)[121]" classname="scripting.ScriptEvaluationTest" time="0.01"/>
  <testcase name="npcScriptShouldEvaluate(String)[122]" classname="scripting.ScriptEvaluationTest" time="0.007"/>
  <testcase name="npcScriptShouldEvaluate(String)[123]" classname="scripting.ScriptEvaluationTest" time="0.009"/>
  <testcase name="npcScriptShouldEvaluate(String)[124]" classname="scripting.ScriptEvaluationTest" time="0.008"/>
  <testcase name="npcScriptShouldEvaluate(String)[125]" classname="scripting.ScriptEvaluationTest" time="0.0"/>
  <testcase name="npcScriptShouldEvaluate(String)[126]" classname="scripting.ScriptEvaluationTest" time="0.008"/>
  <testcase name="npcScriptShouldEvaluate(String)[127]" classname="scripting.ScriptEvaluationTest" time="0.009"/>
  <testcase name="npcScriptShouldEvaluate(String)[128]" classname="scripting.ScriptEvaluationTest" time="0.022"/>
  <testcase name="npcScriptShouldEvaluate(String)[129]" classname="scripting.ScriptEvaluationTest" time="0.0"/>
  <testcase name="npcScriptShouldEvaluate(String)[130]" classname="scripting.ScriptEvaluationTest" time="0.016"/>
  <testcase name="npcScriptShouldEvaluate(String)[131]" classname="scripting.ScriptEvaluationTest" time="0.006"/>
  <testcase name="npcScriptShouldEvaluate(String)[132]" classname="scripting.ScriptEvaluationTest" time="0.01"/>
  <testcase name="npcScriptShouldEvaluate(String)[133]" classname="scripting.ScriptEvaluationTest" time="0.0"/>
  <testcase name="npcScriptShouldEvaluate(String)[134]" classname="scripting.ScriptEvaluationTest" time="0.005"/>
  <testcase name="npcScriptShouldEvaluate(String)[135]" classname="scripting.ScriptEvaluationTest" time="0.011"/>
  <testcase name="npcScriptShouldEvaluate(String)[136]" classname="scripting.ScriptEvaluationTest" time="0.0"/>
  <testcase name="npcScriptShouldEvaluate(String)[137]" classname="scripting.ScriptEvaluationTest" time="0.02"/>
  <testcase name="npcScriptShouldEvaluate(String)[138]" classname="scripting.ScriptEvaluationTest" time="0.012"/>
  <testcase name="npcScriptShouldEvaluate(String)[139]" classname="scripting.ScriptEvaluationTest" time="0.0"/>
  <testcase name="npcScriptShouldEvaluate(String)[140]" classname="scripting.ScriptEvaluationTest" time="0.019"/>
  <testcase name="npcScriptShouldEvaluate(String)[141]" classname="scripting.ScriptEvaluationTest" time="0.0"/>
  <testcase name="npcScriptShouldEvaluate(String)[142]" classname="scripting.ScriptEvaluationTest" time="0.016"/>
  <testcase name="npcScriptShouldEvaluate(String)[143]" classname="scripting.ScriptEvaluationTest" time="0.0"/>
  <testcase name="npcScriptShouldEvaluate(String)[144]" classname="scripting.ScriptEvaluationTest" time="0.013"/>
  <testcase name="npcScriptShouldEvaluate(String)[145]" classname="scripting.ScriptEvaluationTest" time="0.016"/>
  <testcase name="npcScriptShouldEvaluate(String)[146]" classname="scripting.ScriptEvaluationTest" time="0.0"/>
  <testcase name="npcScriptShouldEvaluate(String)[147]" classname="scripting.ScriptEvaluationTest" time="0.014"/>
  <testcase name="npcScriptShouldEvaluate(String)[148]" classname="scripting.ScriptEvaluationTest" time="0.0"/>
  <testcase name="npcScriptShouldEvaluate(String)[149]" classname="scripting.ScriptEvaluationTest" time="0.017"/>
  <testcase name="npcScriptShouldEvaluate(String)[150]" classname="scripting.ScriptEvaluationTest" time="0.0"/>
  <testcase name="npcScriptShouldEvaluate(String)[151]" classname="scripting.ScriptEvaluationTest" time="0.015"/>
  <testcase name="npcScriptShouldEvaluate(String)[152]" classname="scripting.ScriptEvaluationTest" time="0.016"/>
  <testcase name="npcScriptShouldEvaluate(String)[153]" classname="scripting.ScriptEvaluationTest" time="0.0"/>
  <testcase name="npcScriptShouldEvaluate(String)[154]" classname="scripting.ScriptEvaluationTest" time="0.0"/>
  <testcase name="npcScriptShouldEvaluate(String)[155]" classname="scripting.ScriptEvaluationTest" time="0.016"/>
  <testcase name="npcScriptShouldEvaluate(String)[156]" classname="scripting.ScriptEvaluationTest" time="0.016"/>
  <testcase name="npcScriptShouldEvaluate(String)[157]" classname="scripting.ScriptEvaluationTest" time="0.0"/>
  <testcase name="npcScriptShouldEvaluate(String)[158]" classname="scripting.ScriptEvaluationTest" time="0.015"/>
  <testcase name="npcScriptShouldEvaluate(String)[159]" classname="scripting.ScriptEvaluationTest" time="0.016"/>
  <testcase name="npcScriptShouldEvaluate(String)[160]" classname="scripting.ScriptEvaluationTest" time="0.0"/>
  <testcase name="npcScriptShouldEvaluate(String)[161]" classname="scripting.ScriptEvaluationTest" time="0.015"/>
  <testcase name="npcScriptShouldEvaluate(String)[162]" classname="scripting.ScriptEvaluationTest" time="0.016"/>
  <testcase name="npcScriptShouldEvaluate(String)[163]" classname="scripting.ScriptEvaluationTest" time="0.0"/>
  <testcase name="npcScriptShouldEvaluate(String)[164]" classname="scripting.ScriptEvaluationTest" time="0.015"/>
  <testcase name="npcScriptShouldEvaluate(String)[165]" classname="scripting.ScriptEvaluationTest" time="0.016"/>
  <testcase name="npcScriptShouldEvaluate(String)[166]" classname="scripting.ScriptEvaluationTest" time="0.015"/>
  <testcase name="npcScriptShouldEvaluate(String)[167]" classname="scripting.ScriptEvaluationTest" time="0.0"/>
  <testcase name="npcScriptShouldEvaluate(String)[168]" classname="scripting.ScriptEvaluationTest" time="0.016"/>
  <testcase name="npcScriptShouldEvaluate(String)[169]" classname="scripting.ScriptEvaluationTest" time="0.016"/>
  <testcase name="npcScriptShouldEvaluate(String)[170]" classname="scripting.ScriptEvaluationTest" time="0.016"/>
  <testcase name="npcScriptShouldEvaluate(String)[171]" classname="scripting.ScriptEvaluationTest" time="0.0"/>
  <testcase name="npcScriptShouldEvaluate(String)[172]" classname="scripting.ScriptEvaluationTest" time="0.0"/>
  <testcase name="npcScriptShouldEvaluate(String)[173]" classname="scripting.ScriptEvaluationTest" time="0.016"/>
  <testcase name="npcScriptShouldEvaluate(String)[174]" classname="scripting.ScriptEvaluationTest" time="0.015"/>
  <testcase name="npcScriptShouldEvaluate(String)[175]" classname="scripting.ScriptEvaluationTest" time="0.016"/>
  <testcase name="npcScriptShouldEvaluate(String)[176]" classname="scripting.ScriptEvaluationTest" time="0.0"/>
  <testcase name="npcScriptShouldEvaluate(String)[177]" classname="scripting.ScriptEvaluationTest" time="0.0"/>
  <testcase name="npcScriptShouldEvaluate(String)[178]" classname="scripting.ScriptEvaluationTest" time="0.016"/>
  <testcase name="npcScriptShouldEvaluate(String)[179]" classname="scripting.ScriptEvaluationTest" time="0.016"/>
  <testcase name="npcScriptShouldEvaluate(String)[180]" classname="scripting.ScriptEvaluationTest" time="0.016"/>
  <testcase name="npcScriptShouldEvaluate(String)[181]" classname="scripting.ScriptEvaluationTest" time="0.015"/>
  <testcase name="npcScriptShouldEvaluate(String)[182]" classname="scripting.ScriptEvaluationTest" time="0.016"/>
  <testcase name="npcScriptShouldEvaluate(String)[183]" classname="scripting.ScriptEvaluationTest" time="0.0"/>
  <testcase name="npcScriptShouldEvaluate(String)[184]" classname="scripting.ScriptEvaluationTest" time="0.015"/>
  <testcase name="npcScriptShouldEvaluate(String)[185]" classname="scripting.ScriptEvaluationTest" time="0.0"/>
  <testcase name="npcScriptShouldEvaluate(String)[186]" classname="scripting.ScriptEvaluationTest" time="0.0"/>
  <testcase name="npcScriptShouldEvaluate(String)[187]" classname="scripting.ScriptEvaluationTest" time="0.016"/>
  <testcase name="npcScriptShouldEvaluate(String)[188]" classname="scripting.ScriptEvaluationTest" time="0.016"/>
  <testcase name="npcScriptShouldEvaluate(String)[189]" classname="scripting.ScriptEvaluationTest" time="0.015"/>
  <testcase name="npcScriptShouldEvaluate(String)[190]" classname="scripting.ScriptEvaluationTest" time="0.0"/>
  <testcase name="npcScriptShouldEvaluate(String)[191]" classname="scripting.ScriptEvaluationTest" time="0.016"/>
  <testcase name="npcScriptShouldEvaluate(String)[192]" classname="scripting.ScriptEvaluationTest" time="0.015"/>
  <testcase name="npcScriptShouldEvaluate(String)[193]" classname="scripting.ScriptEvaluationTest" time="0.0"/>
  <testcase name="npcScriptShouldEvaluate(String)[194]" classname="scripting.ScriptEvaluationTest" time="0.0"/>
  <testcase name="npcScriptShouldEvaluate(String)[195]" classname="scripting.ScriptEvaluationTest" time="0.016"/>
  <testcase name="npcScriptShouldEvaluate(String)[196]" classname="scripting.ScriptEvaluationTest" time="0.016"/>
  <testcase name="npcScriptShouldEvaluate(String)[197]" classname="scripting.ScriptEvaluationTest" time="0.0"/>
  <testcase name="npcScriptShouldEvaluate(String)[198]" classname="scripting.ScriptEvaluationTest" time="0.0"/>
  <testcase name="npcScriptShouldEvaluate(String)[199]" classname="scripting.ScriptEvaluationTest" time="0.016"/>
  <testcase name="npcScriptShouldEvaluate(String)[200]" classname="scripting.ScriptEvaluationTest" time="0.015"/>
  <testcase name="npcScriptShouldEvaluate(String)[201]" classname="scripting.ScriptEvaluationTest" time="0.0"/>
  <testcase name="npcScriptShouldEvaluate(String)[202]" classname="scripting.ScriptEvaluationTest" time="0.016"/>
  <testcase name="npcScriptShouldEvaluate(String)[203]" classname="scripting.ScriptEvaluationTest" time="0.0"/>
  <testcase name="npcScriptShouldEvaluate(String)[204]" classname="scripting.ScriptEvaluationTest" time="0.0"/>
  <testcase name="npcScriptShouldEvaluate(String)[205]" classname="scripting.ScriptEvaluationTest" time="0.015"/>
  <testcase name="npcScriptShouldEvaluate(String)[206]" classname="scripting.ScriptEvaluationTest" time="0.016"/>
  <testcase name="npcScriptShouldEvaluate(String)[207]" classname="scripting.ScriptEvaluationTest" time="0.0"/>
  <testcase name="npcScriptShouldEvaluate(String)[208]" classname="scripting.ScriptEvaluationTest" time="0.015"/>
  <testcase name="npcScriptShouldEvaluate(String)[209]" classname="scripting.ScriptEvaluationTest" time="0.016"/>
  <testcase name="npcScriptShouldEvaluate(String)[210]" classname="scripting.ScriptEvaluationTest" time="0.032"/>
  <testcase name="npcScriptShouldEvaluate(String)[211]" classname="scripting.ScriptEvaluationTest" time="0.0"/>
  <testcase name="npcScriptShouldEvaluate(String)[212]" classname="scripting.ScriptEvaluationTest" time="0.0"/>
  <testcase name="npcScriptShouldEvaluate(String)[213]" classname="scripting.ScriptEvaluationTest" time="0.016"/>
  <testcase name="npcScriptShouldEvaluate(String)[214]" classname="scripting.ScriptEvaluationTest" time="0.015"/>
  <testcase name="npcScriptShouldEvaluate(String)[215]" classname="scripting.ScriptEvaluationTest" time="0.0"/>
  <testcase name="npcScriptShouldEvaluate(String)[216]" classname="scripting.ScriptEvaluationTest" time="0.016"/>
  <testcase name="npcScriptShouldEvaluate(String)[217]" classname="scripting.ScriptEvaluationTest" time="0.015"/>
  <testcase name="npcScriptShouldEvaluate(String)[218]" classname="scripting.ScriptEvaluationTest" time="0.016"/>
  <testcase name="npcScriptShouldEvaluate(String)[219]" classname="scripting.ScriptEvaluationTest" time="0.016"/>
  <testcase name="npcScriptShouldEvaluate(String)[220]" classname="scripting.ScriptEvaluationTest" time="0.0"/>
  <testcase name="npcScriptShouldEvaluate(String)[221]" classname="scripting.ScriptEvaluationTest" time="0.015"/>
  <testcase name="npcScriptShouldEvaluate(String)[222]" classname="scripting.ScriptEvaluationTest" time="0.016"/>
  <testcase name="npcScriptShouldEvaluate(String)[223]" classname="scripting.ScriptEvaluationTest" time="0.0"/>
  <testcase name="npcScriptShouldEvaluate(String)[224]" classname="scripting.ScriptEvaluationTest" time="0.015"/>
  <testcase name="npcScriptShouldEvaluate(String)[225]" classname="scripting.ScriptEvaluationTest" time="0.016"/>
  <testcase name="npcScriptShouldEvaluate(String)[226]" classname="scripting.ScriptEvaluationTest" time="0.016"/>
  <testcase name="npcScriptShouldEvaluate(String)[227]" classname="scripting.ScriptEvaluationTest" time="0.0"/>
  <testcase name="npcScriptShouldEvaluate(String)[228]" classname="scripting.ScriptEvaluationTest" time="0.016"/>
  <testcase name="npcScriptShouldEvaluate(String)[229]" classname="scripting.ScriptEvaluationTest" time="0.015"/>
  <testcase name="npcScriptShouldEvaluate(String)[230]" classname="scripting.ScriptEvaluationTest" time="0.016"/>
  <testcase name="npcScriptShouldEvaluate(String)[231]" classname="scripting.ScriptEvaluationTest" time="0.0"/>
  <testcase name="npcScriptShouldEvaluate(String)[232]" classname="scripting.ScriptEvaluationTest" time="0.015"/>
  <testcase name="npcScriptShouldEvaluate(String)[233]" classname="scripting.ScriptEvaluationTest" time="0.016"/>
  <testcase name="npcScriptShouldEvaluate(String)[234]" classname="scripting.ScriptEvaluationTest" time="0.016"/>
  <testcase name="npcScriptShouldEvaluate(String)[235]" classname="scripting.ScriptEvaluationTest" time="0.015"/>
  <testcase name="npcScriptShouldEvaluate(String)[236]" classname="scripting.ScriptEvaluationTest" time="0.016"/>
  <testcase name="npcScriptShouldEvaluate(String)[237]" classname="scripting.ScriptEvaluationTest" time="0.015"/>
  <testcase name="npcScriptShouldEvaluate(String)[238]" classname="scripting.ScriptEvaluationTest" time="0.016"/>
  <testcase name="npcScriptShouldEvaluate(String)[239]" classname="scripting.ScriptEvaluationTest" time="0.0"/>
  <testcase name="npcScriptShouldEvaluate(String)[240]" classname="scripting.ScriptEvaluationTest" time="0.0"/>
  <testcase name="npcScriptShouldEvaluate(String)[241]" classname="scripting.ScriptEvaluationTest" time="0.015"/>
  <testcase name="npcScriptShouldEvaluate(String)[242]" classname="scripting.ScriptEvaluationTest" time="0.0"/>
  <testcase name="npcScriptShouldEvaluate(String)[243]" classname="scripting.ScriptEvaluationTest" time="0.032"/>
  <testcase name="npcScriptShouldEvaluate(String)[244]" classname="scripting.ScriptEvaluationTest" time="0.015"/>
  <testcase name="npcScriptShouldEvaluate(String)[245]" classname="scripting.ScriptEvaluationTest" time="0.0"/>
  <testcase name="npcScriptShouldEvaluate(String)[246]" classname="scripting.ScriptEvaluationTest" time="0.0"/>
  <testcase name="npcScriptShouldEvaluate(String)[247]" classname="scripting.ScriptEvaluationTest" time="0.016"/>
  <testcase name="npcScriptShouldEvaluate(String)[248]" classname="scripting.ScriptEvaluationTest" time="0.0"/>
  <testcase name="npcScriptShouldEvaluate(String)[249]" classname="scripting.ScriptEvaluationTest" time="0.015"/>
  <testcase name="npcScriptShouldEvaluate(String)[250]" classname="scripting.ScriptEvaluationTest" time="0.016"/>
  <testcase name="npcScriptShouldEvaluate(String)[251]" classname="scripting.ScriptEvaluationTest" time="0.0"/>
  <testcase name="npcScriptShouldEvaluate(String)[252]" classname="scripting.ScriptEvaluationTest" time="0.0"/>
  <testcase name="npcScriptShouldEvaluate(String)[253]" classname="scripting.ScriptEvaluationTest" time="0.016"/>
  <testcase name="npcScriptShouldEvaluate(String)[254]" classname="scripting.ScriptEvaluationTest" time="0.0"/>
  <testcase name="npcScriptShouldEvaluate(String)[255]" classname="scripting.ScriptEvaluationTest" time="0.0"/>
  <testcase name="npcScriptShouldEvaluate(String)[256]" classname="scripting.ScriptEvaluationTest" time="0.063"/>
  <testcase name="npcScriptShouldEvaluate(String)[257]" classname="scripting.ScriptEvaluationTest" time="0.016"/>
  <testcase name="npcScriptShouldEvaluate(String)[258]" classname="scripting.ScriptEvaluationTest" time="0.016"/>
  <testcase name="npcScriptShouldEvaluate(String)[259]" classname="scripting.ScriptEvaluationTest" time="0.015"/>
  <testcase name="npcScriptShouldEvaluate(String)[260]" classname="scripting.ScriptEvaluationTest" time="0.016"/>
  <testcase name="npcScriptShouldEvaluate(String)[261]" classname="scripting.ScriptEvaluationTest" time="0.0"/>
  <testcase name="npcScriptShouldEvaluate(String)[262]" classname="scripting.ScriptEvaluationTest" time="0.0"/>
  <testcase name="npcScriptShouldEvaluate(String)[263]" classname="scripting.ScriptEvaluationTest" time="0.016"/>
  <testcase name="npcScriptShouldEvaluate(String)[264]" classname="scripting.ScriptEvaluationTest" time="0.016"/>
  <testcase name="npcScriptShouldEvaluate(String)[265]" classname="scripting.ScriptEvaluationTest" time="0.015"/>
  <testcase name="npcScriptShouldEvaluate(String)[266]" classname="scripting.ScriptEvaluationTest" time="0.0"/>
  <testcase name="npcScriptShouldEvaluate(String)[267]" classname="scripting.ScriptEvaluationTest" time="0.016"/>
  <testcase name="npcScriptShouldEvaluate(String)[268]" classname="scripting.ScriptEvaluationTest" time="0.015"/>
  <testcase name="npcScriptShouldEvaluate(String)[269]" classname="scripting.ScriptEvaluationTest" time="0.047"/>
  <testcase name="npcScriptShouldEvaluate(String)[270]" classname="scripting.ScriptEvaluationTest" time="0.016"/>
  <testcase name="npcScriptShouldEvaluate(String)[271]" classname="scripting.ScriptEvaluationTest" time="0.0"/>
  <testcase name="npcScriptShouldEvaluate(String)[272]" classname="scripting.ScriptEvaluationTest" time="0.0"/>
  <testcase name="npcScriptShouldEvaluate(String)[273]" classname="scripting.ScriptEvaluationTest" time="0.0"/>
  <testcase name="npcScriptShouldEvaluate(String)[274]" classname="scripting.ScriptEvaluationTest" time="0.016"/>
  <testcase name="npcScriptShouldEvaluate(String)[275]" classname="scripting.ScriptEvaluationTest" time="0.015"/>
  <testcase name="npcScriptShouldEvaluate(String)[276]" classname="scripting.ScriptEvaluationTest" time="0.0"/>
  <testcase name="npcScriptShouldEvaluate(String)[277]" classname="scripting.ScriptEvaluationTest" time="0.0"/>
  <testcase name="npcScriptShouldEvaluate(String)[278]" classname="scripting.ScriptEvaluationTest" time="0.015"/>
  <testcase name="npcScriptShouldEvaluate(String)[279]" classname="scripting.ScriptEvaluationTest" time="0.0"/>
  <testcase name="npcScriptShouldEvaluate(String)[280]" classname="scripting.ScriptEvaluationTest" time="0.016"/>
  <testcase name="npcScriptShouldEvaluate(String)[281]" classname="scripting.ScriptEvaluationTest" time="0.0"/>
  <testcase name="npcScriptShouldEvaluate(String)[282]" classname="scripting.ScriptEvaluationTest" time="0.0"/>
  <testcase name="npcScriptShouldEvaluate(String)[283]" classname="scripting.ScriptEvaluationTest" time="0.015"/>
  <testcase name="npcScriptShouldEvaluate(String)[284]" classname="scripting.ScriptEvaluationTest" time="0.016"/>
  <testcase name="npcScriptShouldEvaluate(String)[285]" classname="scripting.ScriptEvaluationTest" time="0.0"/>
  <testcase name="npcScriptShouldEvaluate(String)[286]" classname="scripting.ScriptEvaluationTest" time="0.016"/>
  <testcase name="npcScriptShouldEvaluate(String)[287]" classname="scripting.ScriptEvaluationTest" time="0.015"/>
  <testcase name="npcScriptShouldEvaluate(String)[288]" classname="scripting.ScriptEvaluationTest" time="0.0"/>
  <testcase name="npcScriptShouldEvaluate(String)[289]" classname="scripting.ScriptEvaluationTest" time="0.0"/>
  <testcase name="npcScriptShouldEvaluate(String)[290]" classname="scripting.ScriptEvaluationTest" time="0.016"/>
  <testcase name="npcScriptShouldEvaluate(String)[291]" classname="scripting.ScriptEvaluationTest" time="0.0"/>
  <testcase name="npcScriptShouldEvaluate(String)[292]" classname="scripting.ScriptEvaluationTest" time="0.0"/>
  <testcase name="npcScriptShouldEvaluate(String)[293]" classname="scripting.ScriptEvaluationTest" time="0.0"/>
  <testcase name="npcScriptShouldEvaluate(String)[294]" classname="scripting.ScriptEvaluationTest" time="0.015"/>
  <testcase name="npcScriptShouldEvaluate(String)[295]" classname="scripting.ScriptEvaluationTest" time="0.016"/>
  <testcase name="npcScriptShouldEvaluate(String)[296]" classname="scripting.ScriptEvaluationTest" time="0.015"/>
  <testcase name="npcScriptShouldEvaluate(String)[297]" classname="scripting.ScriptEvaluationTest" time="0.016"/>
  <testcase name="npcScriptShouldEvaluate(String)[298]" classname="scripting.ScriptEvaluationTest" time="0.016"/>
  <testcase name="npcScriptShouldEvaluate(String)[299]" classname="scripting.ScriptEvaluationTest" time="0.016"/>
  <testcase name="npcScriptShouldEvaluate(String)[300]" classname="scripting.ScriptEvaluationTest" time="0.015"/>
  <testcase name="npcScriptShouldEvaluate(String)[301]" classname="scripting.ScriptEvaluationTest" time="0.017"/>
  <testcase name="npcScriptShouldEvaluate(String)[302]" classname="scripting.ScriptEvaluationTest" time="0.016"/>
  <testcase name="npcScriptShouldEvaluate(String)[303]" classname="scripting.ScriptEvaluationTest" time="0.016"/>
  <testcase name="npcScriptShouldEvaluate(String)[304]" classname="scripting.ScriptEvaluationTest" time="0.016"/>
  <testcase name="npcScriptShouldEvaluate(String)[305]" classname="scripting.ScriptEvaluationTest" time="0.011"/>
  <testcase name="npcScriptShouldEvaluate(String)[306]" classname="scripting.ScriptEvaluationTest" time="0.0"/>
  <testcase name="npcScriptShouldEvaluate(String)[307]" classname="scripting.ScriptEvaluationTest" time="0.0"/>
  <testcase name="npcScriptShouldEvaluate(String)[308]" classname="scripting.ScriptEvaluationTest" time="0.008"/>
  <testcase name="npcScriptShouldEvaluate(String)[309]" classname="scripting.ScriptEvaluationTest" time="0.009"/>
  <testcase name="npcScriptShouldEvaluate(String)[310]" classname="scripting.ScriptEvaluationTest" time="0.015"/>
  <testcase name="npcScriptShouldEvaluate(String)[311]" classname="scripting.ScriptEvaluationTest" time="0.007"/>
  <testcase name="npcScriptShouldEvaluate(String)[312]" classname="scripting.ScriptEvaluationTest" time="0.032"/>
  <testcase name="npcScriptShouldEvaluate(String)[313]" classname="scripting.ScriptEvaluationTest" time="0.021"/>
  <testcase name="npcScriptShouldEvaluate(String)[314]" classname="scripting.ScriptEvaluationTest" time="0.011"/>
  <testcase name="npcScriptShouldEvaluate(String)[315]" classname="scripting.ScriptEvaluationTest" time="0.0"/>
  <testcase name="npcScriptShouldEvaluate(String)[316]" classname="scripting.ScriptEvaluationTest" time="0.005"/>
  <testcase name="npcScriptShouldEvaluate(String)[317]" classname="scripting.ScriptEvaluationTest" time="0.011"/>
  <testcase name="npcScriptShouldEvaluate(String)[318]" classname="scripting.ScriptEvaluationTest" time="0.033"/>
  <testcase name="npcScriptShouldEvaluate(String)[319]" classname="scripting.ScriptEvaluationTest" time="0.015"/>
  <testcase name="npcScriptShouldEvaluate(String)[320]" classname="scripting.ScriptEvaluationTest" time="0.0"/>
  <testcase name="npcScriptShouldEvaluate(String)[321]" classname="scripting.ScriptEvaluationTest" time="0.014"/>
  <testcase name="npcScriptShouldEvaluate(String)[322]" classname="scripting.ScriptEvaluationTest" time="0.0"/>
  <testcase name="npcScriptShouldEvaluate(String)[323]" classname="scripting.ScriptEvaluationTest" time="0.017"/>
  <testcase name="npcScriptShouldEvaluate(String)[324]" classname="scripting.ScriptEvaluationTest" time="0.0"/>
  <testcase name="npcScriptShouldEvaluate(String)[325]" classname="scripting.ScriptEvaluationTest" time="0.0"/>
  <testcase name="npcScriptShouldEvaluate(String)[326]" classname="scripting.ScriptEvaluationTest" time="0.0"/>
  <testcase name="npcScriptShouldEvaluate(String)[327]" classname="scripting.ScriptEvaluationTest" time="0.016"/>
  <testcase name="npcScriptShouldEvaluate(String)[328]" classname="scripting.ScriptEvaluationTest" time="0.015"/>
  <testcase name="npcScriptShouldEvaluate(String)[329]" classname="scripting.ScriptEvaluationTest" time="0.0"/>
  <testcase name="npcScriptShouldEvaluate(String)[330]" classname="scripting.ScriptEvaluationTest" time="0.016"/>
  <testcase name="npcScriptShouldEvaluate(String)[331]" classname="scripting.ScriptEvaluationTest" time="0.0"/>
  <testcase name="npcScriptShouldEvaluate(String)[332]" classname="scripting.ScriptEvaluationTest" time="0.016"/>
  <testcase name="npcScriptShouldEvaluate(String)[333]" classname="scripting.ScriptEvaluationTest" time="0.015"/>
  <testcase name="npcScriptShouldEvaluate(String)[334]" classname="scripting.ScriptEvaluationTest" time="0.0"/>
  <testcase name="npcScriptShouldEvaluate(String)[335]" classname="scripting.ScriptEvaluationTest" time="0.016"/>
  <testcase name="npcScriptShouldEvaluate(String)[336]" classname="scripting.ScriptEvaluationTest" time="0.0"/>
  <testcase name="npcScriptShouldEvaluate(String)[337]" classname="scripting.ScriptEvaluationTest" time="0.015"/>
  <testcase name="npcScriptShouldEvaluate(String)[338]" classname="scripting.ScriptEvaluationTest" time="0.0"/>
  <testcase name="npcScriptShouldEvaluate(String)[339]" classname="scripting.ScriptEvaluationTest" time="0.0"/>
  <testcase name="npcScriptShouldEvaluate(String)[340]" classname="scripting.ScriptEvaluationTest" time="0.016"/>
  <testcase name="npcScriptShouldEvaluate(String)[341]" classname="scripting.ScriptEvaluationTest" time="0.0"/>
  <testcase name="npcScriptShouldEvaluate(String)[342]" classname="scripting.ScriptEvaluationTest" time="0.0"/>
  <testcase name="npcScriptShouldEvaluate(String)[343]" classname="scripting.ScriptEvaluationTest" time="0.016"/>
  <testcase name="npcScriptShouldEvaluate(String)[344]" classname="scripting.ScriptEvaluationTest" time="0.0"/>
  <testcase name="npcScriptShouldEvaluate(String)[345]" classname="scripting.ScriptEvaluationTest" time="0.015"/>
  <testcase name="npcScriptShouldEvaluate(String)[346]" classname="scripting.ScriptEvaluationTest" time="0.016"/>
  <testcase name="npcScriptShouldEvaluate(String)[347]" classname="scripting.ScriptEvaluationTest" time="0.016"/>
  <testcase name="npcScriptShouldEvaluate(String)[348]" classname="scripting.ScriptEvaluationTest" time="0.0"/>
  <testcase name="npcScriptShouldEvaluate(String)[349]" classname="scripting.ScriptEvaluationTest" time="0.016"/>
  <testcase name="npcScriptShouldEvaluate(String)[350]" classname="scripting.ScriptEvaluationTest" time="0.0"/>
  <testcase name="npcScriptShouldEvaluate(String)[351]" classname="scripting.ScriptEvaluationTest" time="0.0"/>
  <testcase name="npcScriptShouldEvaluate(String)[352]" classname="scripting.ScriptEvaluationTest" time="0.0"/>
  <testcase name="npcScriptShouldEvaluate(String)[353]" classname="scripting.ScriptEvaluationTest" time="0.0"/>
  <testcase name="npcScriptShouldEvaluate(String)[354]" classname="scripting.ScriptEvaluationTest" time="0.015"/>
  <testcase name="npcScriptShouldEvaluate(String)[355]" classname="scripting.ScriptEvaluationTest" time="0.016"/>
  <testcase name="npcScriptShouldEvaluate(String)[356]" classname="scripting.ScriptEvaluationTest" time="0.0"/>
  <testcase name="npcScriptShouldEvaluate(String)[357]" classname="scripting.ScriptEvaluationTest" time="0.015"/>
  <testcase name="npcScriptShouldEvaluate(String)[358]" classname="scripting.ScriptEvaluationTest" time="0.0"/>
  <testcase name="npcScriptShouldEvaluate(String)[359]" classname="scripting.ScriptEvaluationTest" time="0.016"/>
  <testcase name="npcScriptShouldEvaluate(String)[360]" classname="scripting.ScriptEvaluationTest" time="0.016"/>
  <testcase name="npcScriptShouldEvaluate(String)[361]" classname="scripting.ScriptEvaluationTest" time="0.0"/>
  <testcase name="npcScriptShouldEvaluate(String)[362]" classname="scripting.ScriptEvaluationTest" time="0.016"/>
  <testcase name="npcScriptShouldEvaluate(String)[363]" classname="scripting.ScriptEvaluationTest" time="0.015"/>
  <testcase name="npcScriptShouldEvaluate(String)[364]" classname="scripting.ScriptEvaluationTest" time="0.0"/>
  <testcase name="npcScriptShouldEvaluate(String)[365]" classname="scripting.ScriptEvaluationTest" time="0.016"/>
  <testcase name="npcScriptShouldEvaluate(String)[366]" classname="scripting.ScriptEvaluationTest" time="0.015"/>
  <testcase name="npcScriptShouldEvaluate(String)[367]" classname="scripting.ScriptEvaluationTest" time="0.016"/>
  <testcase name="npcScriptShouldEvaluate(String)[368]" classname="scripting.ScriptEvaluationTest" time="0.016"/>
  <testcase name="npcScriptShouldEvaluate(String)[369]" classname="scripting.ScriptEvaluationTest" time="0.0"/>
  <testcase name="npcScriptShouldEvaluate(String)[370]" classname="scripting.ScriptEvaluationTest" time="0.015"/>
  <testcase name="npcScriptShouldEvaluate(String)[371]" classname="scripting.ScriptEvaluationTest" time="0.016"/>
  <testcase name="npcScriptShouldEvaluate(String)[372]" classname="scripting.ScriptEvaluationTest" time="0.016"/>
  <testcase name="npcScriptShouldEvaluate(String)[373]" classname="scripting.ScriptEvaluationTest" time="0.015"/>
  <testcase name="npcScriptShouldEvaluate(String)[374]" classname="scripting.ScriptEvaluationTest" time="0.0"/>
  <testcase name="npcScriptShouldEvaluate(String)[375]" classname="scripting.ScriptEvaluationTest" time="0.016"/>
  <testcase name="npcScriptShouldEvaluate(String)[376]" classname="scripting.ScriptEvaluationTest" time="0.015"/>
  <testcase name="npcScriptShouldEvaluate(String)[377]" classname="scripting.ScriptEvaluationTest" time="0.0"/>
  <testcase name="npcScriptShouldEvaluate(String)[378]" classname="scripting.ScriptEvaluationTest" time="0.0"/>
  <testcase name="npcScriptShouldEvaluate(String)[379]" classname="scripting.ScriptEvaluationTest" time="0.0"/>
  <testcase name="npcScriptShouldEvaluate(String)[380]" classname="scripting.ScriptEvaluationTest" time="0.016"/>
  <testcase name="npcScriptShouldEvaluate(String)[381]" classname="scripting.ScriptEvaluationTest" time="0.016"/>
  <testcase name="npcScriptShouldEvaluate(String)[382]" classname="scripting.ScriptEvaluationTest" time="0.016"/>
  <testcase name="npcScriptShouldEvaluate(String)[383]" classname="scripting.ScriptEvaluationTest" time="0.0"/>
  <testcase name="npcScriptShouldEvaluate(String)[384]" classname="scripting.ScriptEvaluationTest" time="0.0"/>
  <testcase name="npcScriptShouldEvaluate(String)[385]" classname="scripting.ScriptEvaluationTest" time="0.0"/>
  <testcase name="npcScriptShouldEvaluate(String)[386]" classname="scripting.ScriptEvaluationTest" time="0.0"/>
  <testcase name="npcScriptShouldEvaluate(String)[387]" classname="scripting.ScriptEvaluationTest" time="0.0"/>
  <testcase name="npcScriptShouldEvaluate(String)[388]" classname="scripting.ScriptEvaluationTest" time="0.0"/>
  <testcase name="npcScriptShouldEvaluate(String)[389]" classname="scripting.ScriptEvaluationTest" time="0.016"/>
  <testcase name="npcScriptShouldEvaluate(String)[390]" classname="scripting.ScriptEvaluationTest" time="0.0"/>
  <testcase name="npcScriptShouldEvaluate(String)[391]" classname="scripting.ScriptEvaluationTest" time="0.016"/>
  <testcase name="npcScriptShouldEvaluate(String)[392]" classname="scripting.ScriptEvaluationTest" time="0.016"/>
  <testcase name="npcScriptShouldEvaluate(String)[393]" classname="scripting.ScriptEvaluationTest" time="0.0"/>
  <testcase name="npcScriptShouldEvaluate(String)[394]" classname="scripting.ScriptEvaluationTest" time="0.015"/>
  <testcase name="npcScriptShouldEvaluate(String)[395]" classname="scripting.ScriptEvaluationTest" time="0.0"/>
  <testcase name="npcScriptShouldEvaluate(String)[396]" classname="scripting.ScriptEvaluationTest" time="0.0"/>
  <testcase name="npcScriptShouldEvaluate(String)[397]" classname="scripting.ScriptEvaluationTest" time="0.015"/>
  <testcase name="npcScriptShouldEvaluate(String)[398]" classname="scripting.ScriptEvaluationTest" time="0.016"/>
  <testcase name="npcScriptShouldEvaluate(String)[399]" classname="scripting.ScriptEvaluationTest" time="0.0"/>
[...]
  <testcase name="portalScriptShouldEvaluate(String)[287]" classname="scripting.ScriptEvaluationTest" time="0.0"/>
  <testcase name="portalScriptShouldEvaluate(String)[288]" classname="scripting.ScriptEvaluationTest" time="0.016"/>
  <testcase name="portalScriptShouldEvaluate(String)[289]" classname="scripting.ScriptEvaluationTest" time="0.0"/>
  <testcase name="portalScriptShouldEvaluate(String)[290]" classname="scripting.ScriptEvaluationTest" time="0.016"/>
  <testcase name="portalScriptShouldEvaluate(String)[291]" classname="scripting.ScriptEvaluationTest" time="0.0"/>
  <testcase name="portalScriptShouldEvaluate(String)[292]" classname="scripting.ScriptEvaluationTest" time="0.016"/>
  <testcase name="portalScriptShouldEvaluate(String)[293]" classname="scripting.ScriptEvaluationTest" time="0.0"/>
  <testcase name="portalScriptShouldEvaluate(String)[294]" classname="scripting.ScriptEvaluationTest" time="0.015"/>
  <testcase name="portalScriptShouldEvaluate(String)[295]" classname="scripting.ScriptEvaluationTest" time="0.016"/>
  <testcase name="portalScriptShouldEvaluate(String)[296]" classname="scripting.ScriptEvaluationTest" time="0.0"/>
  <testcase name="portalScriptShouldEvaluate(String)[297]" classname="scripting.ScriptEvaluationTest" time="0.015"/>
  <testcase name="portalScriptShouldEvaluate(String)[298]" classname="scripting.ScriptEvaluationTest" time="0.0"/>
  <testcase name="portalScriptShouldEvaluate(String)[299]" classname="scripting.ScriptEvaluationTest" time="0.016"/>
  <testcase name="portalScriptShouldEvaluate(String)[300]" classname="scripting.ScriptEvaluationTest" time="0.0"/>
  <testcase name="portalScriptShouldEvaluate(String)[301]" classname="scripting.ScriptEvaluationTest" time="0.016"/>
  <testcase name="portalScriptShouldEvaluate(String)[302]" classname="scripting.ScriptEvaluationTest" time="0.0"/>
  <testcase name="portalScriptShouldEvaluate(String)[303]" classname="scripting.ScriptEvaluationTest" time="0.015"/>
  <testcase name="portalScriptShouldEvaluate(String)[304]" classname="scripting.ScriptEvaluationTest" time="0.0"/>
  <testcase name="portalScriptShouldEvaluate(String)[305]" classname="scripting.ScriptEvaluationTest" time="0.016"/>
  <testcase name="portalScriptShouldEvaluate(String)[306]" classname="scripting.ScriptEvaluationTest" time="0.0"/>
  <testcase name="portalScriptShouldEvaluate(String)[307]" classname="scripting.ScriptEvaluationTest" time="0.0"/>
  <testcase name="portalScriptShouldEvaluate(String)[308]" classname="scripting.ScriptEvaluationTest" time="0.015"/>
  <testcase name="portalScriptShouldEvaluate(String)[309]" classname="scripting.ScriptEvaluationTest" time="0.0"/>
  <testcase name="portalScriptShouldEvaluate(String)[310]" classname="scripting.ScriptEvaluationTest" time="0.016"/>
  <testcase name="portalScriptShouldEvaluate(String)[311]" classname="scripting.ScriptEvaluationTest" time="0.0"/>
  <testcase name="portalScriptShouldEvaluate(String)[312]" classname="scripting.ScriptEvaluationTest" time="0.016"/>
  <testcase name="portalScriptShouldEvaluate(String)[313]" classname="scripting.ScriptEvaluationTest" time="0.0"/>
  <testcase name="portalScriptShouldEvaluate(String)[314]" classname="scripting.ScriptEvaluationTest" time="0.015"/>
  <testcase name="portalScriptShouldEvaluate(String)[315]" classname="scripting.ScriptEvaluationTest" time="0.0"/>
  <testcase name="portalScriptShouldEvaluate(String)[316]" classname="scripting.ScriptEvaluationTest" time="0.016"/>
  <testcase name="portalScriptShouldEvaluate(String)[317]" classname="scripting.ScriptEvaluationTest" time="0.0"/>
  <testcase name="portalScriptShouldEvaluate(String)[318]" classname="scripting.ScriptEvaluationTest" time="0.0"/>
  <testcase name="portalScriptShouldEvaluate(String)[319]" classname="scripting.ScriptEvaluationTest" time="0.0"/>
  <testcase name="portalScriptShouldEvaluate(String)[320]" classname="scripting.ScriptEvaluationTest" time="0.0"/>
  <testcase name="portalScriptShouldEvaluate(String)[321]" classname="scripting.ScriptEvaluationTest" time="0.0"/>
  <testcase name="portalScriptShouldEvaluate(String)[322]" classname="scripting.ScriptEvaluationTest" time="0.0"/>
  <testcase name="portalScriptShouldEvaluate(String)[323]" classname="scripting.ScriptEvaluationTest" time="0.016"/>
  <testcase name="portalScriptShouldEvaluate(String)[324]" classname="scripting.ScriptEvaluationTest" time="0.0"/>
  <testcase name="portalScriptShouldEvaluate(String)[325]" classname="scripting.ScriptEvaluationTest" time="0.015"/>
  <testcase name="portalScriptShouldEvaluate(String)[326]" classname="scripting.ScriptEvaluationTest" time="0.0"/>
  <testcase name="portalScriptShouldEvaluate(String)[327]" classname="scripting.ScriptEvaluationTest" time="0.016"/>
  <testcase name="portalScriptShouldEvaluate(String)[328]" classname="scripting.ScriptEvaluationTest" time="0.0"/>
  <testcase name="portalScriptShouldEvaluate(String)[329]" classname="scripting.ScriptEvaluationTest" time="0.0"/>
  <testcase name="portalScriptShouldEvaluate(String)[330]" classname="scripting.ScriptEvaluationTest" time="0.0"/>
  <testcase name="portalScriptShouldEvaluate(String)[331]" classname="scripting.ScriptEvaluationTest" time="0.016"/>
  <testcase name="portalScriptShouldEvaluate(String)[332]" classname="scripting.ScriptEvaluationTest" time="0.0"/>
  <testcase name="portalScriptShouldEvaluate(String)[333]" classname="scripting.ScriptEvaluationTest" time="0.015"/>
  <testcase name="portalScriptShouldEvaluate(String)[334]" classname="scripting.ScriptEvaluationTest" time="0.0"/>
  <testcase name="portalScriptShouldEvaluate(String)[335]" classname="scripting.ScriptEvaluationTest" time="0.016"/>
  <testcase name="portalScriptShouldEvaluate(String)[336]" classname="scripting.ScriptEvaluationTest" time="0.0"/>
  <testcase name="portalScriptShouldEvaluate(String)[337]" classname="scripting.ScriptEvaluationTest" time="0.015"/>
  <testcase name="portalScriptShouldEvaluate(String)[338]" classname="scripting.ScriptEvaluationTest" time="0.0"/>
  <testcase name="portalScriptShouldEvaluate(String)[339]" classname="scripting.ScriptEvaluationTest" time="0.0"/>
  <testcase name="portalScriptShouldEvaluate(String)[340]" classname="scripting.ScriptEvaluationTest" time="0.015"/>
  <testcase name="portalScriptShouldEvaluate(String)[341]" classname="scripting.ScriptEvaluationTest" time="0.0"/>
  <testcase name="portalScriptShouldEvaluate(String)[342]" classname="scripting.ScriptEvaluationTest" time="0.016"/>
  <testcase name="portalScriptShouldEvaluate(String)[343]" classname="scripting.ScriptEvaluationTest" time="0.0"/>
  <testcase name="portalScriptShouldEvaluate(String)[344]" classname="scripting.ScriptEvaluationTest" time="0.015"/>
  <testcase name="portalScriptShouldEvaluate(String)[345]" classname="scripting.ScriptEvaluationTest" time="0.0"/>
  <testcase name="portalScriptShouldEvaluate(String)[346]" classname="scripting.ScriptEvaluationTest" time="0.0"/>
  <testcase name="portalScriptShouldEvaluate(String)[347]" classname="scripting.ScriptEvaluationTest" time="0.0"/>
  <testcase name="portalScriptShouldEvaluate(String)[348]" classname="scripting.ScriptEvaluationTest" time="0.0"/>
  <testcase name="portalScriptShouldEvaluate(String)[349]" classname="scripting.ScriptEvaluationTest" time="0.015"/>
  <testcase name="portalScriptShouldEvaluate(String)[350]" classname="scripting.ScriptEvaluationTest" time="0.0"/>
  <testcase name="portalScriptShouldEvaluate(String)[351]" classname="scripting.ScriptEvaluationTest" time="0.016"/>
  <testcase name="portalScriptShouldEvaluate(String)[352]" classname="scripting.ScriptEvaluationTest" time="0.0"/>
  <testcase name="portalScriptShouldEvaluate(String)[353]" classname="scripting.ScriptEvaluationTest" time="0.0"/>
  <testcase name="portalScriptShouldEvaluate(String)[354]" classname="scripting.ScriptEvaluationTest" time="0.016"/>
  <testcase name="portalScriptShouldEvaluate(String)[355]" classname="scripting.ScriptEvaluationTest" time="0.0"/>
  <testcase name="portalScriptShouldEvaluate(String)[356]" classname="scripting.ScriptEvaluationTest" time="0.016"/>
  <testcase name="portalScriptShouldEvaluate(String)[357]" classname="scripting.ScriptEvaluationTest" time="0.0"/>
  <testcase name="portalScriptShouldEvaluate(String)[358]" classname="scripting.ScriptEvaluationTest" time="0.015"/>
  <testcase name="portalScriptShouldEvaluate(String)[359]" classname="scripting.ScriptEvaluationTest" time="0.0"/>
  <testcase name="portalScriptShouldEvaluate(String)[360]" classname="scripting.ScriptEvaluationTest" time="0.016"/>
  <testcase name="portalScriptShouldEvaluate(String)[361]" classname="scripting.ScriptEvaluationTest" time="0.0"/>
  <testcase name="portalScriptShouldEvaluate(String)[362]" classname="scripting.ScriptEvaluationTest" time="0.015"/>
  <testcase name="portalScriptShouldEvaluate(String)[363]" classname="scripting.ScriptEvaluationTest" time="0.0"/>
  <testcase name="portalScriptShouldEvaluate(String)[364]" classname="scripting.ScriptEvaluationTest" time="0.016"/>
  <testcase name="portalScriptShouldEvaluate(String)[365]" classname="scripting.ScriptEvaluationTest" time="0.0"/>
  <testcase name="portalScriptShouldEvaluate(String)[366]" classname="scripting.ScriptEvaluationTest" time="0.015"/>
  <testcase name="portalScriptShouldEvaluate(String)[367]" classname="scripting.ScriptEvaluationTest" time="0.0"/>
  <testcase name="portalScriptShouldEvaluate(String)[368]" classname="scripting.ScriptEvaluationTest" time="0.016"/>
  <testcase name="portalScriptShouldEvaluate(String)[369]" classname="scripting.ScriptEvaluationTest" time="0.0"/>
  <testcase name="portalScriptShouldEvaluate(String)[370]" classname="scripting.ScriptEvaluationTest" time="0.016"/>
  <testcase name="portalScriptShouldEvaluate(String)[371]" classname="scripting.ScriptEvaluationTest" time="0.0"/>
  <testcase name="portalScriptShouldEvaluate(String)[372]" classname="scripting.ScriptEvaluationTest" time="0.016"/>
  <testcase name="portalScriptShouldEvaluate(String)[373]" classname="scripting.ScriptEvaluationTest" time="0.0"/>
  <testcase name="portalScriptShouldEvaluate(String)[374]" classname="scripting.ScriptEvaluationTest" time="0.015"/>
  <testcase name="portalScriptShouldEvaluate(String)[375]" classname="scripting.ScriptEvaluationTest" time="0.0"/>
  <testcase name="portalScriptShouldEvaluate(String)[376]" classname="scripting.ScriptEvaluationTest" time="0.016"/>
  <testcase name="portalScriptShouldEvaluate(String)[377]" classname="scripting.ScriptEvaluationTest" time="0.0"/>
  <testcase name="portalScriptShouldEvaluate(String)[378]" classname="scripting.ScriptEvaluationTest" time="0.016"/>
  <testcase name="portalScriptShouldEvaluate(String)[379]" classname="scripting.ScriptEvaluationTest" time="0.0"/>
  <testcase name="portalScriptShouldEvaluate(String)[380]" classname="scripting.ScriptEvaluationTest" time="0.0"/>
  <testcase name="portalScriptShouldEvaluate(String)[381]" classname="scripting.ScriptEvaluationTest" time="0.016"/>
  <testcase name="portalScriptShouldEvaluate(String)[382]" classname="scripting.ScriptEvaluationTest" time="0.0"/>
  <testcase name="portalScriptShouldEvaluate(String)[383]" classname="scripting.ScriptEvaluationTest" time="0.015"/>
  <testcase name="portalScriptShouldEvaluate(String)[384]" classname="scripting.ScriptEvaluationTest" time="0.0"/>
  <testcase name="portalScriptShouldEvaluate(String)[385]" classname="scripting.ScriptEvaluationTest" time="0.0"/>
  <testcase name="portalScriptShouldEvaluate(String)[386]" classname="scripting.ScriptEvaluationTest" time="0.0"/>
  <testcase name="portalScriptShouldEvaluate(String)[387]" classname="scripting.ScriptEvaluationTest" time="0.0"/>
  <testcase name="portalScriptShouldEvaluate(String)[388]" classname="scripting.ScriptEvaluationTest" time="0.015"/>
  <testcase name="portalScriptShouldEvaluate(String)[389]" classname="scripting.ScriptEvaluationTest" time="0.0"/>
  <testcase name="portalScriptShouldEvaluate(String)[390]" classname="scripting.ScriptEvaluationTest" time="0.016"/>
  <testcase name="portalScriptShouldEvaluate(String)[391]" classname="scripting.ScriptEvaluationTest" time="0.0"/>
  <testcase name="portalScriptShouldEvaluate(String)[392]" classname="scripting.ScriptEvaluationTest" time="0.016"/>
  <testcase name="portalScriptShouldEvaluate(String)[393]" classname="scripting.ScriptEvaluationTest" time="0.0"/>
  <testcase name="portalScriptShouldEvaluate(String)[394]" classname="scripting.ScriptEvaluationTest" time="0.0"/>
  <testcase name="portalScriptShouldEvaluate(String)[395]" classname="scripting.ScriptEvaluationTest" time="0.0"/>
  <testcase name="portalScriptShouldEvaluate(String)[396]" classname="scripting.ScriptEvaluationTest" time="0.0"/>
  <testcase name="portalScriptShouldEvaluate(String)[397]" classname="scripting.ScriptEvaluationTest" time="0.015"/>
  <testcase name="portalScriptShouldEvaluate(String)[398]" classname="scripting.ScriptEvaluationTest" time="0.0"/>
  <testcase name="portalScriptShouldEvaluate(String)[399]" classname="scripting.ScriptEvaluationTest" time="0.0"/>
  <testcase name="portalScriptShouldEvaluate(String)[400]" classname="scripting.ScriptEvaluationTest" time="0.016"/>
  <testcase name="portalScriptShouldEvaluate(String)[401]" classname="scripting.ScriptEvaluationTest" time="0.0"/>
  <testcase name="portalScriptShouldEvaluate(String)[402]" classname="scripting.ScriptEvaluationTest" time="0.016"/>
  <testcase name="portalScriptShouldEvaluate(String)[403]" classname="scripting.ScriptEvaluationTest" time="0.0"/>
  <testcase name="portalScriptShouldEvaluate(String)[404]" classname="scripting.ScriptEvaluationTest" time="0.0"/>
  <testcase name="portalScriptShouldEvaluate(String)[405]" classname="scripting.ScriptEvaluationTest" time="0.0"/>
  <testcase name="portalScriptShouldEvaluate(String)[406]" classname="scripting.ScriptEvaluationTest" time="0.015"/>
  <testcase name="portalScriptShouldEvaluate(String)[407]" classname="scripting.ScriptEvaluationTest" time="0.0"/>
  <testcase name="portalScriptShouldEvaluate(String)[408]" classname="scripting.ScriptEvaluationTest" time="0.016"/>
  <testcase name="portalScriptShouldEvaluate(String)[409]" classname="scripting.ScriptEvaluationTest" time="0.0"/>
  <testcase name="portalScriptShouldEvaluate(String)[410]" classname="scripting.ScriptEvaluationTest" time="0.015"/>
  <testcase name="portalScriptShouldEvaluate(String)[411]" classname="scripting.ScriptEvaluationTest" time="0.0"/>
  <testcase name="portalScriptShouldEvaluate(String)[412]" classname="scripting.ScriptEvaluationTest" time="0.016"/>
  <testcase name="portalScriptShouldEvaluate(String)[413]" classname="scripting.ScriptEvaluationTest" time="0.0"/>
  <testcase name="portalScriptShouldEvaluate(String)[414]" classname="scripting.ScriptEvaluationTest" time="0.017"/>
  <testcase name="portalScriptShouldEvaluate(String)[415]" classname="scripting.ScriptEvaluationTest" time="0.0"/>
  <testcase name="portalScriptShouldEvaluate(String)[416]" classname="scripting.ScriptEvaluationTest" time="0.016"/>
  <testcase name="portalScriptShouldEvaluate(String)[417]" classname="scripting.ScriptEvaluationTest" time="0.0"/>
  <testcase name="portalScriptShouldEvaluate(String)[418]" classname="scripting.ScriptEvaluationTest" time="0.014"/>
  <testcase name="portalScriptShouldEvaluate(String)[419]" classname="scripting.ScriptEvaluationTest" time="0.0"/>
  <testcase name="portalScriptShouldEvaluate(String)[420]" classname="scripting.ScriptEvaluationTest" time="0.0"/>
  <testcase name="portalScriptShouldEvaluate(String)[421]" classname="scripting.ScriptEvaluationTest" time="0.016"/>
  <testcase name="portalScriptShouldEvaluate(String)[422]" classname="scripting.ScriptEvaluationTest" time="0.0"/>
  <testcase name="portalScriptShouldEvaluate(String)[423]" classname="scripting.ScriptEvaluationTest" time="0.003"/>
  <testcase name="portalScriptShouldEvaluate(String)[424]" classname="scripting.ScriptEvaluationTest" time="0.0"/>
  <testcase name="portalScriptShouldEvaluate(String)[425]" classname="scripting.ScriptEvaluationTest" time="0.016"/>
  <testcase name="portalScriptShouldEvaluate(String)[426]" classname="scripting.ScriptEvaluationTest" time="0.0"/>
  <testcase name="portalScriptShouldEvaluate(String)[427]" classname="scripting.ScriptEvaluationTest" time="0.004"/>
  <testcase name="portalScriptShouldEvaluate(String)[428]" classname="scripting.ScriptEvaluationTest" time="0.0"/>
  <testcase name="portalScriptShouldEvaluate(String)[429]" classname="scripting.ScriptEvaluationTest" time="0.0"/>
  <testcase name="portalScriptShouldEvaluate(String)[430]" classname="scripting.ScriptEvaluationTest" time="0.0"/>
  <testcase name="portalScriptShouldEvaluate(String)[431]" classname="scripting.ScriptEvaluationTest" time="0.012"/>
  <testcase name="portalScriptShouldEvaluate(String)[432]" classname="scripting.ScriptEvaluationTest" time="0.004"/>
  <testcase name="portalScriptShouldEvaluate(String)[433]" classname="scripting.ScriptEvaluationTest" time="0.0"/>
  <testcase name="portalScriptShouldEvaluate(String)[434]" classname="scripting.ScriptEvaluationTest" time="0.016"/>
  <testcase name="portalScriptShouldEvaluate(String)[435]" classname="scripting.ScriptEvaluationTest" time="0.0"/>
  <testcase name="portalScriptShouldEvaluate(String)[436]" classname="scripting.ScriptEvaluationTest" time="0.011"/>
  <testcase name="portalScriptShouldEvaluate(String)[437]" classname="scripting.ScriptEvaluationTest" time="0.006"/>
  <testcase name="portalScriptShouldEvaluate(String)[438]" classname="scripting.ScriptEvaluationTest" time="0.0"/>
  <testcase name="portalScriptShouldEvaluate(String)[439]" classname="scripting.ScriptEvaluationTest" time="0.017"/>
  <testcase name="portalScriptShouldEvaluate(String)[440]" classname="scripting.ScriptEvaluationTest" time="0.0"/>
  <testcase name="portalScriptShouldEvaluate(String)[441]" classname="scripting.ScriptEvaluationTest" time="0.0"/>
  <testcase name="portalScriptShouldEvaluate(String)[442]" classname="scripting.ScriptEvaluationTest" time="0.009"/>
  <testcase name="portalScriptShouldEvaluate(String)[443]" classname="scripting.ScriptEvaluationTest" time="0.0"/>
  <testcase name="portalScriptShouldEvaluate(String)[444]" classname="scripting.ScriptEvaluationTest" time="0.016"/>
  <testcase name="portalScriptShouldEvaluate(String)[445]" classname="scripting.ScriptEvaluationTest" time="0.007"/>
  <testcase name="portalScriptShouldEvaluate(String)[446]" classname="scripting.ScriptEvaluationTest" time="0.009"/>
  <testcase name="portalScriptShouldEvaluate(String)[447]" classname="scripting.ScriptEvaluationTest" time="0.0"/>
  <testcase name="portalScriptShouldEvaluate(String)[448]" classname="scripting.ScriptEvaluationTest" time="0.016"/>
  <testcase name="portalScriptShouldEvaluate(String)[449]" classname="scripting.ScriptEvaluationTest" time="0.0"/>
  <testcase name="portalScriptShouldEvaluate(String)[450]" classname="scripting.ScriptEvaluationTest" time="0.0"/>
  <testcase name="portalScriptShouldEvaluate(String)[451]" classname="scripting.ScriptEvaluationTest" time="0.0"/>
  <testcase name="portalScriptShouldEvaluate(String)[452]" classname="scripting.ScriptEvaluationTest" time="0.005"/>
  <testcase name="portalScriptShouldEvaluate(String)[453]" classname="scripting.ScriptEvaluationTest" time="0.011"/>
  <testcase name="portalScriptShouldEvaluate(String)[454]" classname="scripting.ScriptEvaluationTest" time="0.0"/>
  <testcase name="portalScriptShouldEvaluate(String)[455]" classname="scripting.ScriptEvaluationTest" time="0.016"/>
  <testcase name="portalScriptShouldEvaluate(String)[456]" classname="scripting.ScriptEvaluationTest" time="0.0"/>
  <testcase name="portalScriptShouldEvaluate(String)[457]" classname="scripting.ScriptEvaluationTest" time="0.013"/>
  <testcase name="portalScriptShouldEvaluate(String)[458]" classname="scripting.ScriptEvaluationTest" time="0.0"/>
</testsuite>