<?xml version="1.0" encoding="UTF-8"?>
<testsuite xmlns:xsi="http://www.w3.org/2001/XMLSchema-instance" xsi:noNamespaceSchemaLocation="https://maven.apache.org/surefire/maven-surefire-plugin/xsd/surefire-test-report.xsd" version="3.0.2" name="net.packet.ByteBufOutPacketTest" time="0.063" tests="17" errors="0" skipped="0" failures="0">
  <properties>
[...]
</properties>
  <testcase name="writeInt" classname="net.packet.ByteBufOutPacketTest" time="0.0"/>
  <testcase name="writeByte" classname="net.packet.ByteBufOutPacketTest" time="0.0"/>
  <testcase name="writeLong" classname="net.packet.ByteBufOutPacketTest" time="0.0"/>
  <testcase name="writePosition" classname="net.packet.ByteBufOutPacketTest" time="0.0"/>
  <testcase name="writeBytes" classname="net.packet.ByteBufOutPacketTest" time="0.0"/>
  <testcase name="writeShort" classname="net.packet.ByteBufOutPacketTest" time="0.0"/>
  <testcase name="writeByteFromInt" classname="net.packet.ByteBufOutPacketTest" time="0.0"/>
  <testcase name="whenWritingShortFromInt_shouldOnlyWrite2Bytes" classname="net.packet.ByteBufOutPacketTest" time="0.0"/>
  <testcase name="writeBoolean_true" classname="net.packet.ByteBufOutPacketTest" time="0.0"/>
  <testcase name="whenSkipping_shouldWriteZeroes" classname="net.packet.ByteBufOutPacketTest" time="0.015"/>
  <testcase name="whenInstantiatingNew_shouldWriteOpcode" classname="net.packet.ByteBufOutPacketTest" time="0.0"/>
  <testcase name="writeString" classname="net.packet.ByteBufOutPacketTest" time="0.0"/>
  <testcase name="writeBoolean_false" classname="net.packet.ByteBufOutPacketTest" time="0.0"/>
  <testcase name="equalsShouldCompareBytes" classname="net.packet.ByteBufOutPacketTest" time="0.0"/>
  <testcase name="getBytes" classname="net.packet.ByteBufOutPacketTest" time="0.0"/>
  <testcase name="whenWritingByteFromInt_shouldOnlyWrite1Byte" classname="net.packet.ByteBufOutPacketTest" time="0.0"/>
  <testcase name="writeShortFromInt" classname="net.packet.ByteBufOutPacketTest" time="0.0"/>
</testsuite>